{
  "stats": {
    "suites": 3,
    "tests": 25,
    "passes": 25,
    "pending": 0,
    "failures": 0,
    "start": "2023-04-04T00:54:12.334Z",
    "end": "2023-04-04T00:54:37.194Z",
    "duration": 24860,
    "testsRegistered": 25,
    "passPercent": 100,
    "pendingPercent": 0,
    "other": 0,
    "hasOther": false,
    "skipped": 0,
    "hasSkipped": false
  },
  "results": [
    {
      "uuid": "0587bda1-1a30-4af7-b56e-3d577720984c",
      "title": "",
      "fullFile": "cypress\\e2e\\apitest\\3apiTest.cy.js",
      "file": "cypress\\e2e\\apitest\\3apiTest.cy.js",
      "beforeHooks": [],
      "afterHooks": [],
      "tests": [],
      "suites": [
        {
          "uuid": "47b7b9b7-4f84-4fee-99a4-a5af6566d836",
          "title": "Test All Endpoint in Website Reqres.in",
          "fullFile": "",
          "file": "",
          "beforeHooks": [],
          "afterHooks": [],
          "tests": [
            {
              "title": "Get List User",
              "fullTitle": "Test All Endpoint in Website Reqres.in Get List User",
              "timedOut": null,
              "duration": 1622,
              "state": "passed",
              "speed": "fast",
              "pass": true,
              "fail": false,
              "pending": false,
              "context": null,
              "code": "cy.request({\n  method: \"GET\",\n  url: startUrl + \"/api/users?page=2\"\n}).then((res) => {\n  expect(res.status).to.eq(200);\n  expect(res.body).to.not.empty;\n});",
              "err": {},
              "uuid": "388adc01-ab54-4a3b-b953-7ea4b7d8b679",
              "parentUUID": "47b7b9b7-4f84-4fee-99a4-a5af6566d836",
              "isHook": false,
              "skipped": false
            },
            {
              "title": "Get Single User",
              "fullTitle": "Test All Endpoint in Website Reqres.in Get Single User",
              "timedOut": null,
              "duration": 282,
              "state": "passed",
              "speed": "fast",
              "pass": true,
              "fail": false,
              "pending": false,
              "context": null,
              "code": "cy.request({\n  method: \"GET\",\n  url: startUrl + \"/api/users/2\"\n}).then((res) => {\n  expect(res.status).to.eq(200);\n  expect(res.body).to.not.empty;\n  expect(res.body.data.id).to.eq(2);\n});",
              "err": {},
              "uuid": "6deb806e-51df-41f0-af51-ddb3c35bc05f",
              "parentUUID": "47b7b9b7-4f84-4fee-99a4-a5af6566d836",
              "isHook": false,
              "skipped": false
            },
            {
              "title": "Get Single User Not Found",
              "fullTitle": "Test All Endpoint in Website Reqres.in Get Single User Not Found",
              "timedOut": null,
              "duration": 651,
              "state": "passed",
              "speed": "fast",
              "pass": true,
              "fail": false,
              "pending": false,
              "context": null,
              "code": "cy.request({\n  method: \"GET\",\n  url: startUrl + \"/api/users/23\",\n  failOnStatusCode: false\n}).its(\"status\").should(\"equal\", 404);",
              "err": {},
              "uuid": "9789fe31-8bea-4c3b-beb1-f2c0462c095f",
              "parentUUID": "47b7b9b7-4f84-4fee-99a4-a5af6566d836",
              "isHook": false,
              "skipped": false
            },
            {
              "title": "Create User",
              "fullTitle": "Test All Endpoint in Website Reqres.in Create User",
              "timedOut": null,
              "duration": 667,
              "state": "passed",
              "speed": "fast",
              "pass": true,
              "fail": false,
              "pending": false,
              "context": null,
              "code": "cy.request({\n  method: \"POST\",\n  url: startUrl + \"/api/users\",\n  body: {\n    \"name\": \"morpheus\",\n    \"job\": \"leader\"\n  }\n}).then((res) => {\n  expect(res.status).to.eq(201);\n  expect(res.body.name).to.eq(\"morpheus\");\n  expect(res.body.job).to.eq(\"leader\");\n});",
              "err": {},
              "uuid": "c5644e54-4218-4094-99b8-f56969ce897c",
              "parentUUID": "47b7b9b7-4f84-4fee-99a4-a5af6566d836",
              "isHook": false,
              "skipped": false
            },
            {
              "title": "Update Specific Id User",
              "fullTitle": "Test All Endpoint in Website Reqres.in Update Specific Id User",
              "timedOut": null,
              "duration": 732,
              "state": "passed",
              "speed": "fast",
              "pass": true,
              "fail": false,
              "pending": false,
              "context": null,
              "code": "cy.request({\n  method: \"PUT\",\n  url: startUrl + \"/api/users/2\",\n  body: {\n    \"name\": \"morpheus\",\n    \"job\": \"zion resident\"\n  }\n}).then((res) => {\n  expect(res.status).to.eq(200);\n  expect(res.body.name).to.eq(\"morpheus\");\n  expect(res.body.job).to.eq(\"zion resident\");\n});",
              "err": {},
              "uuid": "28f82cce-5b89-4605-aaa4-21d3351282db",
              "parentUUID": "47b7b9b7-4f84-4fee-99a4-a5af6566d836",
              "isHook": false,
              "skipped": false
            },
            {
              "title": "Delete Specific Id User",
              "fullTitle": "Test All Endpoint in Website Reqres.in Delete Specific Id User",
              "timedOut": null,
              "duration": 576,
              "state": "passed",
              "speed": "fast",
              "pass": true,
              "fail": false,
              "pending": false,
              "context": null,
              "code": "cy.request({\n  method: \"DELETE\",\n  url: startUrl + \"/api/users/2\"\n}).then((res) => {\n  expect(res.status).to.eq(204);\n});",
              "err": {},
              "uuid": "85196549-bff0-4712-9a5b-57e8b00ba8cc",
              "parentUUID": "47b7b9b7-4f84-4fee-99a4-a5af6566d836",
              "isHook": false,
              "skipped": false
            },
            {
              "title": "User Register Successful",
              "fullTitle": "Test All Endpoint in Website Reqres.in User Register Successful",
              "timedOut": null,
              "duration": 582,
              "state": "passed",
              "speed": "fast",
              "pass": true,
              "fail": false,
              "pending": false,
              "context": null,
              "code": "cy.request({\n  method: \"POST\",\n  url: startUrl + \"/api/register\",\n  body: {\n    \"email\": \"eve.holt@reqres.in\",\n    \"password\": \"pistol\"\n  }\n}).then((res) => {\n  expect(res.status).to.eq(200);\n  expect(res.body.id).to.not.equal();\n  expect(res.body.token).not.to.be.empty;\n});",
              "err": {},
              "uuid": "e1ed7c14-2e00-4070-b381-aa98fc31a857",
              "parentUUID": "47b7b9b7-4f84-4fee-99a4-a5af6566d836",
              "isHook": false,
              "skipped": false
            },
            {
              "title": "User Register Not Successful",
              "fullTitle": "Test All Endpoint in Website Reqres.in User Register Not Successful",
              "timedOut": null,
              "duration": 797,
              "state": "passed",
              "speed": "fast",
              "pass": true,
              "fail": false,
              "pending": false,
              "context": null,
              "code": "cy.request({\n  method: \"POST\",\n  url: startUrl + \"/api/register\",\n  body: {\n    \"email\": \"eve.holt@reqres.in\",\n    \"password\": \"\"\n  },\n  failOnStatusCode: false\n}).its(\"status\").should(\"equal\", 400);",
              "err": {},
              "uuid": "303b52c0-6ba0-487f-b499-6e66ddfdcd01",
              "parentUUID": "47b7b9b7-4f84-4fee-99a4-a5af6566d836",
              "isHook": false,
              "skipped": false
            },
            {
              "title": "User Login Successful",
              "fullTitle": "Test All Endpoint in Website Reqres.in User Login Successful",
              "timedOut": null,
              "duration": 585,
              "state": "passed",
              "speed": "fast",
              "pass": true,
              "fail": false,
              "pending": false,
              "context": null,
              "code": "cy.request({\n  method: \"POST\",\n  url: startUrl + \"/api/login\",\n  body: {\n    \"email\": \"eve.holt@reqres.in\",\n    \"password\": \"cityslicka\"\n  }\n}).then((res) => {\n  expect(res.status).to.eq(200);\n  expect(res.body.token).not.to.be.empty;\n});",
              "err": {},
              "uuid": "2b80ef98-994d-4f8d-b10c-d7210894bcf1",
              "parentUUID": "47b7b9b7-4f84-4fee-99a4-a5af6566d836",
              "isHook": false,
              "skipped": false
            }
          ],
          "suites": [],
          "passes": [
            "388adc01-ab54-4a3b-b953-7ea4b7d8b679",
            "6deb806e-51df-41f0-af51-ddb3c35bc05f",
            "9789fe31-8bea-4c3b-beb1-f2c0462c095f",
            "c5644e54-4218-4094-99b8-f56969ce897c",
            "28f82cce-5b89-4605-aaa4-21d3351282db",
            "85196549-bff0-4712-9a5b-57e8b00ba8cc",
            "e1ed7c14-2e00-4070-b381-aa98fc31a857",
            "303b52c0-6ba0-487f-b499-6e66ddfdcd01",
            "2b80ef98-994d-4f8d-b10c-d7210894bcf1"
          ],
          "failures": [],
          "pending": [],
          "skipped": [],
          "duration": 6494,
          "root": false,
          "rootEmpty": false,
          "_timeout": 2000
        },
        {
          "uuid": "cb6f9a3f-c739-4c25-88de-7d8c6af31f67",
          "title": "Test All End Point in Website restfull-booker",
          "fullFile": "",
          "file": "",
          "beforeHooks": [],
          "afterHooks": [],
          "tests": [
            {
              "title": "GET Check Connection - PING",
              "fullTitle": "Test All End Point in Website restfull-booker GET Check Connection - PING",
              "timedOut": null,
              "duration": 2372,
              "state": "passed",
              "speed": "fast",
              "pass": true,
              "fail": false,
              "pending": false,
              "context": null,
              "code": "cy.request({\n  method: \"GET\",\n  url: baseUrl + \"/ping\"\n}).then((resp) => {\n  expect(resp.status).to.eq(201);\n});",
              "err": {},
              "uuid": "8b714f2e-6a7e-455c-85b1-ef480d347e39",
              "parentUUID": "cb6f9a3f-c739-4c25-88de-7d8c6af31f67",
              "isHook": false,
              "skipped": false
            },
            {
              "title": "POST Create Token",
              "fullTitle": "Test All End Point in Website restfull-booker POST Create Token",
              "timedOut": null,
              "duration": 540,
              "state": "passed",
              "speed": "fast",
              "pass": true,
              "fail": false,
              "pending": false,
              "context": null,
              "code": "cy.request({\n  method: \"POST\",\n  url: baseUrl + \"/auth\",\n  body: {\n    \"username\": \"admin\",\n    \"password\": \"password123\"\n  }\n}).then((resp) => {\n  expect(resp.status).to.eq(200);\n  expect(resp.body).to.not.empty;\n  tokenValue = resp.body.token;\n  cy.log(\"Current Token \", tokenValue);\n});",
              "err": {},
              "uuid": "9814f577-a408-4348-88e7-c7fb3cfadf0c",
              "parentUUID": "cb6f9a3f-c739-4c25-88de-7d8c6af31f67",
              "isHook": false,
              "skipped": false
            },
            {
              "title": "GET All Booking Id",
              "fullTitle": "Test All End Point in Website restfull-booker GET All Booking Id",
              "timedOut": null,
              "duration": 834,
              "state": "passed",
              "speed": "fast",
              "pass": true,
              "fail": false,
              "pending": false,
              "context": null,
              "code": "cy.request({\n  method: \"GET\",\n  url: baseUrl + \"/booking\"\n}).then((resp) => {\n  expect(resp.status).to.eq(200);\n  expect(resp.body).to.not.empty;\n});",
              "err": {},
              "uuid": "8f406c4b-58ec-4463-baaf-408f35135e74",
              "parentUUID": "cb6f9a3f-c739-4c25-88de-7d8c6af31f67",
              "isHook": false,
              "skipped": false
            },
            {
              "title": "GET Specific Booking Id",
              "fullTitle": "Test All End Point in Website restfull-booker GET Specific Booking Id",
              "timedOut": null,
              "duration": 700,
              "state": "passed",
              "speed": "fast",
              "pass": true,
              "fail": false,
              "pending": false,
              "context": null,
              "code": "cy.request({\n  method: \"GET\",\n  url: baseUrl + \"/booking/2\"\n}).then((resp) => {\n  expect(resp.status).to.eq(200);\n  expect(resp.body).to.not.empty;\n});",
              "err": {},
              "uuid": "970e32d9-ba0b-447c-8553-1f7522d3d30d",
              "parentUUID": "cb6f9a3f-c739-4c25-88de-7d8c6af31f67",
              "isHook": false,
              "skipped": false
            },
            {
              "title": "POST Create Booking Data",
              "fullTitle": "Test All End Point in Website restfull-booker POST Create Booking Data",
              "timedOut": null,
              "duration": 645,
              "state": "passed",
              "speed": "fast",
              "pass": true,
              "fail": false,
              "pending": false,
              "context": null,
              "code": "cy.request({\n  method: \"POST\",\n  url: baseUrl + \"/booking\",\n  body: {\n    \"firstname\": \"Jim\",\n    \"lastname\": \"Brown\",\n    \"totalprice\": 111,\n    \"depositpaid\": true,\n    \"bookingdates\": {\n      \"checkin\": \"2018-01-01\",\n      \"checkout\": \"2019-01-01\"\n    },\n    \"additionalneeds\": \"Breakfast\"\n  }\n}).then((resp) => {\n  expect(resp.status).to.eq(200);\n  expect(resp.body).to.not.empty;\n  expect(resp.body.booking.firstname).to.eq(\"Jim\");\n  expect(resp.body.booking.lastname).to.eq(\"Brown\");\n});",
              "err": {},
              "uuid": "e9ebfc01-6340-469f-83cb-db78b3916609",
              "parentUUID": "cb6f9a3f-c739-4c25-88de-7d8c6af31f67",
              "isHook": false,
              "skipped": false
            },
            {
              "title": "PUT Update Booking Data by ID",
              "fullTitle": "Test All End Point in Website restfull-booker PUT Update Booking Data by ID",
              "timedOut": null,
              "duration": 747,
              "state": "passed",
              "speed": "fast",
              "pass": true,
              "fail": false,
              "pending": false,
              "context": null,
              "code": "cy.request({\n  method: \"PUT\",\n  url: baseUrl + \"/booking/2\",\n  headers: {\n    cookie: \"token=\" + tokenValue,\n    authorization: \"YWRtaW46cGFzc3dvcmQxMjM=\"\n  },\n  body: {\n    \"firstname\": \"James\",\n    \"lastname\": \"Brown\",\n    \"totalprice\": 111,\n    \"depositpaid\": true,\n    \"bookingdates\": {\n      \"checkin\": \"2018-01-01\",\n      \"checkout\": \"2019-01-01\"\n    },\n    \"additionalneeds\": \"Breakfast\"\n  }\n}).then((resp) => {\n  expect(resp.status).to.eq(200);\n  expect(resp.body).to.not.empty;\n  expect(resp.body.firstname).to.eq(\"James\");\n  expect(resp.body.lastname).to.eq(\"Brown\");\n});",
              "err": {},
              "uuid": "c3dcaa2d-c3b5-460d-b6dc-01ebf5a22c4b",
              "parentUUID": "cb6f9a3f-c739-4c25-88de-7d8c6af31f67",
              "isHook": false,
              "skipped": false
            },
            {
              "title": "DELETE Data Booking By Id",
              "fullTitle": "Test All End Point in Website restfull-booker DELETE Data Booking By Id",
              "timedOut": null,
              "duration": 563,
              "state": "passed",
              "speed": "fast",
              "pass": true,
              "fail": false,
              "pending": false,
              "context": null,
              "code": "cy.request({\n  method: \"DELETE\",\n  url: baseUrl + \"/booking/1\",\n  headers: {\n    cookie: \"token=\" + tokenValue,\n    authorization: \"YWRtaW46cGFzc3dvcmQxMjM=\"\n  }\n}).then((resp) => {\n  expect(resp.status).to.eq(201);\n});",
              "err": {},
              "uuid": "20538cc7-65e0-4c4f-96e7-4b678261668e",
              "parentUUID": "cb6f9a3f-c739-4c25-88de-7d8c6af31f67",
              "isHook": false,
              "skipped": false
            }
          ],
          "suites": [],
          "passes": [
            "8b714f2e-6a7e-455c-85b1-ef480d347e39",
            "9814f577-a408-4348-88e7-c7fb3cfadf0c",
            "8f406c4b-58ec-4463-baaf-408f35135e74",
            "970e32d9-ba0b-447c-8553-1f7522d3d30d",
            "e9ebfc01-6340-469f-83cb-db78b3916609",
            "c3dcaa2d-c3b5-460d-b6dc-01ebf5a22c4b",
            "20538cc7-65e0-4c4f-96e7-4b678261668e"
          ],
          "failures": [],
          "pending": [],
          "skipped": [],
          "duration": 6401,
          "root": false,
          "rootEmpty": false,
          "_timeout": 2000
        },
        {
          "uuid": "49f61b15-8f1d-4fca-b891-ebb92fb7c157",
          "title": "Automate API with Authorization",
          "fullFile": "",
          "file": "",
          "beforeHooks": [],
          "afterHooks": [],
          "tests": [
            {
              "title": "GET Status",
              "fullTitle": "Automate API with Authorization GET Status",
              "timedOut": null,
              "duration": 2480,
              "state": "passed",
              "speed": "fast",
              "pass": true,
              "fail": false,
              "pending": false,
              "context": null,
              "code": "cy.request({\n  method: \"GET\",\n  url: baseUrl + \"/status\"\n}).then((res) => {\n  expect(res.status).to.eq(200);\n});",
              "err": {},
              "uuid": "703b797a-79be-4641-906e-93e1d57e59eb",
              "parentUUID": "49f61b15-8f1d-4fca-b891-ebb92fb7c157",
              "isHook": false,
              "skipped": false
            },
            {
              "title": "GET Books",
              "fullTitle": "Automate API with Authorization GET Books",
              "timedOut": null,
              "duration": 915,
              "state": "passed",
              "speed": "fast",
              "pass": true,
              "fail": false,
              "pending": false,
              "context": null,
              "code": "cy.request({\n  method: \"GET\",\n  url: baseUrl + \"/books\"\n}).then((res) => {\n  expect(res.status).to.eq(200);\n  expect(res.body).to.not.empty;\n});",
              "err": {},
              "uuid": "bd463efb-f92e-44bd-8975-8cc416c9e770",
              "parentUUID": "49f61b15-8f1d-4fca-b891-ebb92fb7c157",
              "isHook": false,
              "skipped": false
            },
            {
              "title": "GET Single Book With ID",
              "fullTitle": "Automate API with Authorization GET Single Book With ID",
              "timedOut": null,
              "duration": 687,
              "state": "passed",
              "speed": "fast",
              "pass": true,
              "fail": false,
              "pending": false,
              "context": null,
              "code": "cy.request({\n  method: \"GET\",\n  url: baseUrl + \"/books/2\"\n}).then((res) => {\n  expect(res.status).to.eq(200);\n  expect(res.body.id).to.eq(2);\n});",
              "err": {},
              "uuid": "51951ea8-a261-4b5c-90a4-60aefdd965a8",
              "parentUUID": "49f61b15-8f1d-4fca-b891-ebb92fb7c157",
              "isHook": false,
              "skipped": false
            },
            {
              "title": "POST Create New Token",
              "fullTitle": "Automate API with Authorization POST Create New Token",
              "timedOut": null,
              "duration": 1043,
              "state": "passed",
              "speed": "fast",
              "pass": true,
              "fail": false,
              "pending": false,
              "context": null,
              "code": "cy.request({\n  method: \"POST\",\n  url: baseUrl + \"/api-clients\",\n  body: {\n    \"clientName\": \"Postman\",\n    \"clientEmail\": \"valentindespa\" + randomString(3) + \"@example.com\"\n  }\n}).then((res) => {\n  expect(res.status).to.eq(201);\n  expect(res.body).to.not.empty;\n  tokenValue = res.body.accessToken;\n  cy.log(\"Current token\", tokenValue);\n});",
              "err": {},
              "uuid": "f13d4619-fb34-434e-8591-4e60b2f68ba7",
              "parentUUID": "49f61b15-8f1d-4fca-b891-ebb92fb7c157",
              "isHook": false,
              "skipped": false
            },
            {
              "title": "POST Submit New Order",
              "fullTitle": "Automate API with Authorization POST Submit New Order",
              "timedOut": null,
              "duration": 1137,
              "state": "passed",
              "speed": "fast",
              "pass": true,
              "fail": false,
              "pending": false,
              "context": null,
              "code": "cy.request({\n  method: \"POST\",\n  url: baseUrl + \"//orders\",\n  headers: {\n    Authorization: \"Bearer \" + tokenValue\n  },\n  body: {\n    \"bookId\": newOrderId,\n    \"customerName\": newOrderName\n  }\n}).then((res) => {\n  expect(res.status).to.eq(201);\n  expect(res.body).to.not.empty;\n  orderIdValue = res.body.orderId;\n  cy.log(\"Current Order Id\", orderIdValue);\n});",
              "err": {},
              "uuid": "c81828a6-736a-4f5b-93e1-a3fd57a315b1",
              "parentUUID": "49f61b15-8f1d-4fca-b891-ebb92fb7c157",
              "isHook": false,
              "skipped": false
            },
            {
              "title": "GET All Data Orders",
              "fullTitle": "Automate API with Authorization GET All Data Orders",
              "timedOut": null,
              "duration": 1354,
              "state": "passed",
              "speed": "fast",
              "pass": true,
              "fail": false,
              "pending": false,
              "context": null,
              "code": "cy.request({\n  method: \"GET\",\n  url: baseUrl + \"//orders\",\n  headers: {\n    Authorization: \"Bearer \" + tokenValue\n  }\n}).then((res) => {\n  expect(res.status).to.eq(200);\n  expect(res.body).to.not.empty;\n});",
              "err": {},
              "uuid": "3a88c2a3-86f8-4ac4-8f02-ef34ccdd7cd6",
              "parentUUID": "49f61b15-8f1d-4fca-b891-ebb92fb7c157",
              "isHook": false,
              "skipped": false
            },
            {
              "title": "GET Specific Data Orders",
              "fullTitle": "Automate API with Authorization GET Specific Data Orders",
              "timedOut": null,
              "duration": 710,
              "state": "passed",
              "speed": "fast",
              "pass": true,
              "fail": false,
              "pending": false,
              "context": null,
              "code": "cy.request({\n  method: \"GET\",\n  url: baseUrl + \"//orders/\" + orderIdValue,\n  headers: {\n    Authorization: \"Bearer \" + tokenValue\n  }\n}).then((res) => {\n  expect(res.status).to.eq(200);\n  expect(res.body.id).to.eq(orderIdValue);\n  expect(res.body.bookId).to.eq(newOrderId);\n  expect(res.body.customerName).to.eq(newOrderName);\n});",
              "err": {},
              "uuid": "71f113b1-23dc-4c0f-ad91-b8e6ffd4ad61",
              "parentUUID": "49f61b15-8f1d-4fca-b891-ebb92fb7c157",
              "isHook": false,
              "skipped": false
            },
            {
              "title": "UPDATE Specific Data Orders",
              "fullTitle": "Automate API with Authorization UPDATE Specific Data Orders",
              "timedOut": null,
              "duration": 796,
              "state": "passed",
              "speed": "fast",
              "pass": true,
              "fail": false,
              "pending": false,
              "context": null,
              "code": "cy.request({\n  method: \"PATCH\",\n  url: baseUrl + \"//orders/\" + orderIdValue,\n  headers: {\n    Authorization: \"Bearer \" + tokenValue\n  }\n}).then((res) => {\n  expect(res.status).to.eq(204);\n});",
              "err": {},
              "uuid": "1cadf6d4-d606-44c4-b3ff-4d255c8aa410",
              "parentUUID": "49f61b15-8f1d-4fca-b891-ebb92fb7c157",
              "isHook": false,
              "skipped": false
            },
            {
              "title": "DELETE Specific Data Orders",
              "fullTitle": "Automate API with Authorization DELETE Specific Data Orders",
              "timedOut": null,
              "duration": 989,
              "state": "passed",
              "speed": "fast",
              "pass": true,
              "fail": false,
              "pending": false,
              "context": null,
              "code": "cy.request({\n  method: \"DELETE\",\n  url: baseUrl + \"//orders/\" + orderIdValue,\n  headers: {\n    Authorization: \"Bearer \" + tokenValue\n  }\n}).then((res) => {\n  expect(res.status).to.eq(204);\n});",
              "err": {},
              "uuid": "76242f28-073d-42d8-b9f9-987b9963d637",
              "parentUUID": "49f61b15-8f1d-4fca-b891-ebb92fb7c157",
              "isHook": false,
              "skipped": false
            }
          ],
          "suites": [],
          "passes": [
            "703b797a-79be-4641-906e-93e1d57e59eb",
            "bd463efb-f92e-44bd-8975-8cc416c9e770",
            "51951ea8-a261-4b5c-90a4-60aefdd965a8",
            "f13d4619-fb34-434e-8591-4e60b2f68ba7",
            "c81828a6-736a-4f5b-93e1-a3fd57a315b1",
            "3a88c2a3-86f8-4ac4-8f02-ef34ccdd7cd6",
            "71f113b1-23dc-4c0f-ad91-b8e6ffd4ad61",
            "1cadf6d4-d606-44c4-b3ff-4d255c8aa410",
            "76242f28-073d-42d8-b9f9-987b9963d637"
          ],
          "failures": [],
          "pending": [],
          "skipped": [],
          "duration": 10111,
          "root": false,
          "rootEmpty": false,
          "_timeout": 2000
        }
      ],
      "passes": [],
      "failures": [],
      "pending": [],
      "skipped": [],
      "duration": 0,
      "root": true,
      "rootEmpty": true,
      "_timeout": 2000
    }
  ],
  "meta": {
    "mocha": {
      "version": "7.0.1"
    },
    "mochawesome": {
      "options": {
        "quiet": false,
        "reportFilename": "[status]_[name]-report.html",
        "saveHtml": false,
        "saveJson": true,
        "consoleReporter": "spec",
        "useInlineDiffs": false,
        "code": true
      },
      "version": "7.1.3"
    },
    "marge": {
      "options": {
        "charts": false,
        "html": false,
        "json": true,
        "reportFilename": "[status]_[name]-report.html",
        "saveHtml": true,
        "saveJson": true,
        "reportDir": "cypress\\reports\\html\\.jsons",
        "overwrite": false,
        "embeddedScreenshots": true,
        "inlineAssets": true,
        "saveAllAttempts": false
      },
      "version": "6.2.0"
    }
  }
}