{
  "stats": {
    "suites": 1,
    "tests": 9,
    "passes": 9,
    "pending": 0,
    "failures": 0,
    "start": "2023-04-03T13:16:41.291Z",
    "end": "2023-04-03T13:16:47.621Z",
    "duration": 6330,
    "testsRegistered": 9,
    "passPercent": 100,
    "pendingPercent": 0,
    "other": 0,
    "hasOther": false,
    "skipped": 0,
    "hasSkipped": false
  },
  "results": [
    {
      "uuid": "7df21951-6b8c-4171-a8d7-fdd9cc507e69",
      "title": "",
      "fullFile": "cypress\\e2e\\apitest\\reqresIn.cy.js",
      "file": "cypress\\e2e\\apitest\\reqresIn.cy.js",
      "beforeHooks": [],
      "afterHooks": [],
      "tests": [],
      "suites": [
        {
          "uuid": "47174554-0ecc-4e99-9840-44cd0d0b97ea",
          "title": "Test All Endpoint in Website Reqres.in",
          "fullFile": "",
          "file": "",
          "beforeHooks": [],
          "afterHooks": [],
          "tests": [
            {
              "title": "Get List User",
              "fullTitle": "Test All Endpoint in Website Reqres.in Get List User",
              "timedOut": null,
              "duration": 1482,
              "state": "passed",
              "speed": "fast",
              "pass": true,
              "fail": false,
              "pending": false,
              "context": null,
              "code": "cy.request({\n  method: \"GET\",\n  url: startUrl + \"/api/users?page=2\"\n}).then((res) => {\n  expect(res.status).to.eq(200);\n  expect(res.body).to.not.empty;\n});",
              "err": {},
              "uuid": "f93b7690-ab81-456d-94dc-501f59124397",
              "parentUUID": "47174554-0ecc-4e99-9840-44cd0d0b97ea",
              "isHook": false,
              "skipped": false
            },
            {
              "title": "Get Single User",
              "fullTitle": "Test All Endpoint in Website Reqres.in Get Single User",
              "timedOut": null,
              "duration": 229,
              "state": "passed",
              "speed": "fast",
              "pass": true,
              "fail": false,
              "pending": false,
              "context": null,
              "code": "cy.request({\n  method: \"GET\",\n  url: startUrl + \"/api/users/2\"\n}).then((res) => {\n  expect(res.status).to.eq(200);\n  expect(res.body).to.not.empty;\n  expect(res.body.data.id).to.eq(2);\n});",
              "err": {},
              "uuid": "e7f33e94-588f-41ad-896c-2e6c073f59c4",
              "parentUUID": "47174554-0ecc-4e99-9840-44cd0d0b97ea",
              "isHook": false,
              "skipped": false
            },
            {
              "title": "Get Single User Not Found",
              "fullTitle": "Test All Endpoint in Website Reqres.in Get Single User Not Found",
              "timedOut": null,
              "duration": 738,
              "state": "passed",
              "speed": "fast",
              "pass": true,
              "fail": false,
              "pending": false,
              "context": null,
              "code": "cy.request({\n  method: \"GET\",\n  url: startUrl + \"/api/users/23\",\n  failOnStatusCode: false\n}).its(\"status\").should(\"equal\", 404);",
              "err": {},
              "uuid": "c74c6451-2a6c-4382-9747-2d7803c18280",
              "parentUUID": "47174554-0ecc-4e99-9840-44cd0d0b97ea",
              "isHook": false,
              "skipped": false
            },
            {
              "title": "Create User",
              "fullTitle": "Test All Endpoint in Website Reqres.in Create User",
              "timedOut": null,
              "duration": 527,
              "state": "passed",
              "speed": "fast",
              "pass": true,
              "fail": false,
              "pending": false,
              "context": null,
              "code": "cy.request({\n  method: \"POST\",\n  url: startUrl + \"/api/users\",\n  body: {\n    \"name\": \"morpheus\",\n    \"job\": \"leader\"\n  }\n}).then((res) => {\n  expect(res.status).to.eq(201);\n  expect(res.body.name).to.eq(\"morpheus\");\n  expect(res.body.job).to.eq(\"leader\");\n});",
              "err": {},
              "uuid": "81db3d2f-db8c-4139-8df6-9a3670dbb4cd",
              "parentUUID": "47174554-0ecc-4e99-9840-44cd0d0b97ea",
              "isHook": false,
              "skipped": false
            },
            {
              "title": "Update Specific Id User",
              "fullTitle": "Test All Endpoint in Website Reqres.in Update Specific Id User",
              "timedOut": null,
              "duration": 567,
              "state": "passed",
              "speed": "fast",
              "pass": true,
              "fail": false,
              "pending": false,
              "context": null,
              "code": "cy.request({\n  method: \"PUT\",\n  url: startUrl + \"/api/users/2\",\n  body: {\n    \"name\": \"morpheus\",\n    \"job\": \"zion resident\"\n  }\n}).then((res) => {\n  expect(res.status).to.eq(200);\n  expect(res.body.name).to.eq(\"morpheus\");\n  expect(res.body.job).to.eq(\"zion resident\");\n});",
              "err": {},
              "uuid": "fe75fa26-b901-4cd4-b1af-a8f622ceb86d",
              "parentUUID": "47174554-0ecc-4e99-9840-44cd0d0b97ea",
              "isHook": false,
              "skipped": false
            },
            {
              "title": "Delete Specific Id User",
              "fullTitle": "Test All Endpoint in Website Reqres.in Delete Specific Id User",
              "timedOut": null,
              "duration": 690,
              "state": "passed",
              "speed": "fast",
              "pass": true,
              "fail": false,
              "pending": false,
              "context": null,
              "code": "cy.request({\n  method: \"DELETE\",\n  url: startUrl + \"/api/users/2\"\n}).then((res) => {\n  expect(res.status).to.eq(204);\n});",
              "err": {},
              "uuid": "bf658e3a-b856-45e4-b095-82f0194173d8",
              "parentUUID": "47174554-0ecc-4e99-9840-44cd0d0b97ea",
              "isHook": false,
              "skipped": false
            },
            {
              "title": "User Register Successful",
              "fullTitle": "Test All Endpoint in Website Reqres.in User Register Successful",
              "timedOut": null,
              "duration": 527,
              "state": "passed",
              "speed": "fast",
              "pass": true,
              "fail": false,
              "pending": false,
              "context": null,
              "code": "cy.request({\n  method: \"POST\",\n  url: startUrl + \"/api/register\",\n  body: {\n    \"email\": \"eve.holt@reqres.in\",\n    \"password\": \"pistol\"\n  }\n}).then((res) => {\n  expect(res.status).to.eq(200);\n  expect(res.body.id).to.not.equal();\n  expect(res.body.token).not.to.be.empty;\n});",
              "err": {},
              "uuid": "288c17fd-14ff-44b1-affb-80732fe2d03d",
              "parentUUID": "47174554-0ecc-4e99-9840-44cd0d0b97ea",
              "isHook": false,
              "skipped": false
            },
            {
              "title": "User Register Not Successful",
              "fullTitle": "Test All Endpoint in Website Reqres.in User Register Not Successful",
              "timedOut": null,
              "duration": 683,
              "state": "passed",
              "speed": "fast",
              "pass": true,
              "fail": false,
              "pending": false,
              "context": null,
              "code": "cy.request({\n  method: \"POST\",\n  url: startUrl + \"/api/register\",\n  body: {\n    \"email\": \"eve.holt@reqres.in\",\n    \"password\": \"\"\n  },\n  failOnStatusCode: false\n}).its(\"status\").should(\"equal\", 400);",
              "err": {},
              "uuid": "170a2f09-fcb5-4efa-98ca-80c1acf9e37d",
              "parentUUID": "47174554-0ecc-4e99-9840-44cd0d0b97ea",
              "isHook": false,
              "skipped": false
            },
            {
              "title": "User Login Successful",
              "fullTitle": "Test All Endpoint in Website Reqres.in User Login Successful",
              "timedOut": null,
              "duration": 600,
              "state": "passed",
              "speed": "fast",
              "pass": true,
              "fail": false,
              "pending": false,
              "context": null,
              "code": "cy.request({\n  method: \"POST\",\n  url: startUrl + \"/api/login\",\n  body: {\n    \"email\": \"eve.holt@reqres.in\",\n    \"password\": \"cityslicka\"\n  }\n}).then((res) => {\n  expect(res.status).to.eq(200);\n  expect(res.body.token).not.to.be.empty;\n});",
              "err": {},
              "uuid": "1c860f90-3d40-4c57-88ba-7545c99dacc5",
              "parentUUID": "47174554-0ecc-4e99-9840-44cd0d0b97ea",
              "isHook": false,
              "skipped": false
            }
          ],
          "suites": [],
          "passes": [
            "f93b7690-ab81-456d-94dc-501f59124397",
            "e7f33e94-588f-41ad-896c-2e6c073f59c4",
            "c74c6451-2a6c-4382-9747-2d7803c18280",
            "81db3d2f-db8c-4139-8df6-9a3670dbb4cd",
            "fe75fa26-b901-4cd4-b1af-a8f622ceb86d",
            "bf658e3a-b856-45e4-b095-82f0194173d8",
            "288c17fd-14ff-44b1-affb-80732fe2d03d",
            "170a2f09-fcb5-4efa-98ca-80c1acf9e37d",
            "1c860f90-3d40-4c57-88ba-7545c99dacc5"
          ],
          "failures": [],
          "pending": [],
          "skipped": [],
          "duration": 6043,
          "root": false,
          "rootEmpty": false,
          "_timeout": 2000
        }
      ],
      "passes": [],
      "failures": [],
      "pending": [],
      "skipped": [],
      "duration": 0,
      "root": true,
      "rootEmpty": true,
      "_timeout": 2000
    }
  ],
  "meta": {
    "mocha": {
      "version": "7.0.1"
    },
    "mochawesome": {
      "options": {
        "quiet": false,
        "reportFilename": "[status]_[name]-report.html",
        "saveHtml": false,
        "saveJson": true,
        "consoleReporter": "spec",
        "useInlineDiffs": false,
        "code": true
      },
      "version": "7.1.3"
    },
    "marge": {
      "options": {
        "charts": false,
        "html": false,
        "json": true,
        "reportFilename": "[status]_[name]-report.html",
        "saveHtml": true,
        "saveJson": true,
        "reportDir": "cypress\\reports\\html\\.jsons",
        "overwrite": false,
        "embeddedScreenshots": true,
        "inlineAssets": true,
        "saveAllAttempts": false
      },
      "version": "6.2.0"
    }
  }
}