{
  "stats": {
    "suites": 3,
    "tests": 25,
    "passes": 25,
    "pending": 0,
    "failures": 0,
    "start": "2023-04-03T23:33:16.442Z",
    "end": "2023-04-03T23:33:37.896Z",
    "duration": 21454,
    "testsRegistered": 25,
    "passPercent": 100,
    "pendingPercent": 0,
    "other": 0,
    "hasOther": false,
    "skipped": 0,
    "hasSkipped": false
  },
  "results": [
    {
      "uuid": "d103325d-c883-4f28-ae8d-607f40eb9e4f",
      "title": "",
      "fullFile": "cypress\\e2e\\apitest\\3apiTest.cy.js",
      "file": "cypress\\e2e\\apitest\\3apiTest.cy.js",
      "beforeHooks": [],
      "afterHooks": [],
      "tests": [],
      "suites": [
        {
          "uuid": "4202df5d-8216-43af-af05-1cbf240fd3b0",
          "title": "Test All Endpoint in Website Reqres.in",
          "fullFile": "",
          "file": "",
          "beforeHooks": [],
          "afterHooks": [],
          "tests": [
            {
              "title": "Get List User",
              "fullTitle": "Test All Endpoint in Website Reqres.in Get List User",
              "timedOut": null,
              "duration": 728,
              "state": "passed",
              "speed": "fast",
              "pass": true,
              "fail": false,
              "pending": false,
              "context": null,
              "code": "cy.request({\n  method: \"GET\",\n  url: startUrl + \"/api/users?page=2\"\n}).then((res) => {\n  expect(res.status).to.eq(200);\n  expect(res.body).to.not.empty;\n});",
              "err": {},
              "uuid": "59581afc-b2e4-4655-8926-1fe25664dcb5",
              "parentUUID": "4202df5d-8216-43af-af05-1cbf240fd3b0",
              "isHook": false,
              "skipped": false
            },
            {
              "title": "Get Single User",
              "fullTitle": "Test All Endpoint in Website Reqres.in Get Single User",
              "timedOut": null,
              "duration": 357,
              "state": "passed",
              "speed": "fast",
              "pass": true,
              "fail": false,
              "pending": false,
              "context": null,
              "code": "cy.request({\n  method: \"GET\",\n  url: startUrl + \"/api/users/2\"\n}).then((res) => {\n  expect(res.status).to.eq(200);\n  expect(res.body).to.not.empty;\n  expect(res.body.data.id).to.eq(2);\n});",
              "err": {},
              "uuid": "b127d1b9-9505-4076-a302-3721ea05ab7e",
              "parentUUID": "4202df5d-8216-43af-af05-1cbf240fd3b0",
              "isHook": false,
              "skipped": false
            },
            {
              "title": "Get Single User Not Found",
              "fullTitle": "Test All Endpoint in Website Reqres.in Get Single User Not Found",
              "timedOut": null,
              "duration": 661,
              "state": "passed",
              "speed": "fast",
              "pass": true,
              "fail": false,
              "pending": false,
              "context": null,
              "code": "cy.request({\n  method: \"GET\",\n  url: startUrl + \"/api/users/23\",\n  failOnStatusCode: false\n}).its(\"status\").should(\"equal\", 404);",
              "err": {},
              "uuid": "e48a68bb-e628-4e9f-aa1d-8d143a62993c",
              "parentUUID": "4202df5d-8216-43af-af05-1cbf240fd3b0",
              "isHook": false,
              "skipped": false
            },
            {
              "title": "Create User",
              "fullTitle": "Test All Endpoint in Website Reqres.in Create User",
              "timedOut": null,
              "duration": 586,
              "state": "passed",
              "speed": "fast",
              "pass": true,
              "fail": false,
              "pending": false,
              "context": null,
              "code": "cy.request({\n  method: \"POST\",\n  url: startUrl + \"/api/users\",\n  body: {\n    \"name\": \"morpheus\",\n    \"job\": \"leader\"\n  }\n}).then((res) => {\n  expect(res.status).to.eq(201);\n  expect(res.body.name).to.eq(\"morpheus\");\n  expect(res.body.job).to.eq(\"leader\");\n});",
              "err": {},
              "uuid": "81300160-6c4a-42c1-949c-ea57eea2fa3d",
              "parentUUID": "4202df5d-8216-43af-af05-1cbf240fd3b0",
              "isHook": false,
              "skipped": false
            },
            {
              "title": "Update Specific Id User",
              "fullTitle": "Test All Endpoint in Website Reqres.in Update Specific Id User",
              "timedOut": null,
              "duration": 613,
              "state": "passed",
              "speed": "fast",
              "pass": true,
              "fail": false,
              "pending": false,
              "context": null,
              "code": "cy.request({\n  method: \"PUT\",\n  url: startUrl + \"/api/users/2\",\n  body: {\n    \"name\": \"morpheus\",\n    \"job\": \"zion resident\"\n  }\n}).then((res) => {\n  expect(res.status).to.eq(200);\n  expect(res.body.name).to.eq(\"morpheus\");\n  expect(res.body.job).to.eq(\"zion resident\");\n});",
              "err": {},
              "uuid": "0ca055ea-7384-4520-b968-567f44c54d16",
              "parentUUID": "4202df5d-8216-43af-af05-1cbf240fd3b0",
              "isHook": false,
              "skipped": false
            },
            {
              "title": "Delete Specific Id User",
              "fullTitle": "Test All Endpoint in Website Reqres.in Delete Specific Id User",
              "timedOut": null,
              "duration": 677,
              "state": "passed",
              "speed": "fast",
              "pass": true,
              "fail": false,
              "pending": false,
              "context": null,
              "code": "cy.request({\n  method: \"DELETE\",\n  url: startUrl + \"/api/users/2\"\n}).then((res) => {\n  expect(res.status).to.eq(204);\n});",
              "err": {},
              "uuid": "b1c2b994-e996-4e51-8674-e9481a1d2a55",
              "parentUUID": "4202df5d-8216-43af-af05-1cbf240fd3b0",
              "isHook": false,
              "skipped": false
            },
            {
              "title": "User Register Successful",
              "fullTitle": "Test All Endpoint in Website Reqres.in User Register Successful",
              "timedOut": null,
              "duration": 639,
              "state": "passed",
              "speed": "fast",
              "pass": true,
              "fail": false,
              "pending": false,
              "context": null,
              "code": "cy.request({\n  method: \"POST\",\n  url: startUrl + \"/api/register\",\n  body: {\n    \"email\": \"eve.holt@reqres.in\",\n    \"password\": \"pistol\"\n  }\n}).then((res) => {\n  expect(res.status).to.eq(200);\n  expect(res.body.id).to.not.equal();\n  expect(res.body.token).not.to.be.empty;\n});",
              "err": {},
              "uuid": "d23b542d-5193-4bde-826b-9f09a260d284",
              "parentUUID": "4202df5d-8216-43af-af05-1cbf240fd3b0",
              "isHook": false,
              "skipped": false
            },
            {
              "title": "User Register Not Successful",
              "fullTitle": "Test All Endpoint in Website Reqres.in User Register Not Successful",
              "timedOut": null,
              "duration": 687,
              "state": "passed",
              "speed": "fast",
              "pass": true,
              "fail": false,
              "pending": false,
              "context": null,
              "code": "cy.request({\n  method: \"POST\",\n  url: startUrl + \"/api/register\",\n  body: {\n    \"email\": \"eve.holt@reqres.in\",\n    \"password\": \"\"\n  },\n  failOnStatusCode: false\n}).its(\"status\").should(\"equal\", 400);",
              "err": {},
              "uuid": "190d6fae-7f58-466a-88d4-50bf744460dd",
              "parentUUID": "4202df5d-8216-43af-af05-1cbf240fd3b0",
              "isHook": false,
              "skipped": false
            },
            {
              "title": "User Login Successful",
              "fullTitle": "Test All Endpoint in Website Reqres.in User Login Successful",
              "timedOut": null,
              "duration": 661,
              "state": "passed",
              "speed": "fast",
              "pass": true,
              "fail": false,
              "pending": false,
              "context": null,
              "code": "cy.request({\n  method: \"POST\",\n  url: startUrl + \"/api/login\",\n  body: {\n    \"email\": \"eve.holt@reqres.in\",\n    \"password\": \"cityslicka\"\n  }\n}).then((res) => {\n  expect(res.status).to.eq(200);\n  expect(res.body.token).not.to.be.empty;\n});",
              "err": {},
              "uuid": "fc0afceb-2ba7-4cad-978f-aa2fa851f824",
              "parentUUID": "4202df5d-8216-43af-af05-1cbf240fd3b0",
              "isHook": false,
              "skipped": false
            }
          ],
          "suites": [],
          "passes": [
            "59581afc-b2e4-4655-8926-1fe25664dcb5",
            "b127d1b9-9505-4076-a302-3721ea05ab7e",
            "e48a68bb-e628-4e9f-aa1d-8d143a62993c",
            "81300160-6c4a-42c1-949c-ea57eea2fa3d",
            "0ca055ea-7384-4520-b968-567f44c54d16",
            "b1c2b994-e996-4e51-8674-e9481a1d2a55",
            "d23b542d-5193-4bde-826b-9f09a260d284",
            "190d6fae-7f58-466a-88d4-50bf744460dd",
            "fc0afceb-2ba7-4cad-978f-aa2fa851f824"
          ],
          "failures": [],
          "pending": [],
          "skipped": [],
          "duration": 5609,
          "root": false,
          "rootEmpty": false,
          "_timeout": 2000
        },
        {
          "uuid": "5eb28157-b704-4084-b454-b37a5beeb35d",
          "title": "Automate API with Authorization",
          "fullFile": "",
          "file": "",
          "beforeHooks": [],
          "afterHooks": [],
          "tests": [
            {
              "title": "GET Status",
              "fullTitle": "Automate API with Authorization GET Status",
              "timedOut": null,
              "duration": 1853,
              "state": "passed",
              "speed": "fast",
              "pass": true,
              "fail": false,
              "pending": false,
              "context": null,
              "code": "cy.request({\n  method: \"GET\",\n  url: baseUrl + \"/status\"\n}).then((res) => {\n  expect(res.status).to.eq(200);\n});",
              "err": {},
              "uuid": "40274437-4e7c-4ca8-b7d0-00d1fe7bd7f7",
              "parentUUID": "5eb28157-b704-4084-b454-b37a5beeb35d",
              "isHook": false,
              "skipped": false
            },
            {
              "title": "GET Books",
              "fullTitle": "Automate API with Authorization GET Books",
              "timedOut": null,
              "duration": 678,
              "state": "passed",
              "speed": "fast",
              "pass": true,
              "fail": false,
              "pending": false,
              "context": null,
              "code": "cy.request({\n  method: \"GET\",\n  url: baseUrl + \"/books\"\n}).then((res) => {\n  expect(res.status).to.eq(200);\n  expect(res.body).to.not.empty;\n});",
              "err": {},
              "uuid": "7d5e36b9-6732-4c68-a236-2268c932f82c",
              "parentUUID": "5eb28157-b704-4084-b454-b37a5beeb35d",
              "isHook": false,
              "skipped": false
            },
            {
              "title": "GET Single Book With ID",
              "fullTitle": "Automate API with Authorization GET Single Book With ID",
              "timedOut": null,
              "duration": 594,
              "state": "passed",
              "speed": "fast",
              "pass": true,
              "fail": false,
              "pending": false,
              "context": null,
              "code": "cy.request({\n  method: \"GET\",\n  url: baseUrl + \"/books/2\"\n}).then((res) => {\n  expect(res.status).to.eq(200);\n  expect(res.body.id).to.eq(2);\n});",
              "err": {},
              "uuid": "eb2b2f4f-b011-4700-9845-41fb037cb5f0",
              "parentUUID": "5eb28157-b704-4084-b454-b37a5beeb35d",
              "isHook": false,
              "skipped": false
            },
            {
              "title": "POST Create New Token",
              "fullTitle": "Automate API with Authorization POST Create New Token",
              "timedOut": null,
              "duration": 1196,
              "state": "passed",
              "speed": "fast",
              "pass": true,
              "fail": false,
              "pending": false,
              "context": null,
              "code": "cy.request({\n  method: \"POST\",\n  url: baseUrl + \"/api-clients\",\n  body: {\n    \"clientName\": \"Postman\",\n    \"clientEmail\": \"valentindespa\" + randomString(3) + \"@example.com\"\n  }\n}).then((res) => {\n  expect(res.status).to.eq(201);\n  expect(res.body).to.not.empty;\n  tokenValue = res.body.accessToken;\n  cy.log(\"Current token\", tokenValue);\n});",
              "err": {},
              "uuid": "e1cbc601-b835-4dd7-823c-a75500b55835",
              "parentUUID": "5eb28157-b704-4084-b454-b37a5beeb35d",
              "isHook": false,
              "skipped": false
            },
            {
              "title": "POST Submit New Order",
              "fullTitle": "Automate API with Authorization POST Submit New Order",
              "timedOut": null,
              "duration": 678,
              "state": "passed",
              "speed": "fast",
              "pass": true,
              "fail": false,
              "pending": false,
              "context": null,
              "code": "cy.request({\n  method: \"POST\",\n  url: baseUrl + \"//orders\",\n  headers: {\n    Authorization: \"Bearer \" + tokenValue\n  },\n  body: {\n    \"bookId\": newOrderId,\n    \"customerName\": newOrderName\n  }\n}).then((res) => {\n  expect(res.status).to.eq(201);\n  expect(res.body).to.not.empty;\n  orderIdValue = res.body.orderId;\n  cy.log(\"Current Order Id\", orderIdValue);\n});",
              "err": {},
              "uuid": "2007cab0-d51a-4967-be4b-54d4d179f98f",
              "parentUUID": "5eb28157-b704-4084-b454-b37a5beeb35d",
              "isHook": false,
              "skipped": false
            },
            {
              "title": "GET All Data Orders",
              "fullTitle": "Automate API with Authorization GET All Data Orders",
              "timedOut": null,
              "duration": 503,
              "state": "passed",
              "speed": "fast",
              "pass": true,
              "fail": false,
              "pending": false,
              "context": null,
              "code": "cy.request({\n  method: \"GET\",\n  url: baseUrl + \"//orders\",\n  headers: {\n    Authorization: \"Bearer \" + tokenValue\n  }\n}).then((res) => {\n  expect(res.status).to.eq(200);\n  expect(res.body).to.not.empty;\n});",
              "err": {},
              "uuid": "ee1d900d-140d-4aaf-aee4-31037d25aafc",
              "parentUUID": "5eb28157-b704-4084-b454-b37a5beeb35d",
              "isHook": false,
              "skipped": false
            },
            {
              "title": "GET Specific Data Orders",
              "fullTitle": "Automate API with Authorization GET Specific Data Orders",
              "timedOut": null,
              "duration": 738,
              "state": "passed",
              "speed": "fast",
              "pass": true,
              "fail": false,
              "pending": false,
              "context": null,
              "code": "cy.request({\n  method: \"GET\",\n  url: baseUrl + \"//orders/\" + orderIdValue,\n  headers: {\n    Authorization: \"Bearer \" + tokenValue\n  }\n}).then((res) => {\n  expect(res.status).to.eq(200);\n  expect(res.body.id).to.eq(orderIdValue);\n  expect(res.body.bookId).to.eq(newOrderId);\n  expect(res.body.customerName).to.eq(newOrderName);\n});",
              "err": {},
              "uuid": "896a76d3-0382-4cfb-a1a1-84abf78789e6",
              "parentUUID": "5eb28157-b704-4084-b454-b37a5beeb35d",
              "isHook": false,
              "skipped": false
            },
            {
              "title": "UPDATE Specific Data Orders",
              "fullTitle": "Automate API with Authorization UPDATE Specific Data Orders",
              "timedOut": null,
              "duration": 499,
              "state": "passed",
              "speed": "fast",
              "pass": true,
              "fail": false,
              "pending": false,
              "context": null,
              "code": "cy.request({\n  method: \"PATCH\",\n  url: baseUrl + \"//orders/\" + orderIdValue,\n  headers: {\n    Authorization: \"Bearer \" + tokenValue\n  }\n}).then((res) => {\n  expect(res.status).to.eq(204);\n});",
              "err": {},
              "uuid": "bee0a5f9-ceaa-471a-87ae-20f6f8beb034",
              "parentUUID": "5eb28157-b704-4084-b454-b37a5beeb35d",
              "isHook": false,
              "skipped": false
            },
            {
              "title": "DELETE Specific Data Orders",
              "fullTitle": "Automate API with Authorization DELETE Specific Data Orders",
              "timedOut": null,
              "duration": 791,
              "state": "passed",
              "speed": "fast",
              "pass": true,
              "fail": false,
              "pending": false,
              "context": null,
              "code": "cy.request({\n  method: \"DELETE\",\n  url: baseUrl + \"//orders/\" + orderIdValue,\n  headers: {\n    Authorization: \"Bearer \" + tokenValue\n  }\n}).then((res) => {\n  expect(res.status).to.eq(204);\n});",
              "err": {},
              "uuid": "65fb2b03-43e9-4884-994c-e211ff7919d2",
              "parentUUID": "5eb28157-b704-4084-b454-b37a5beeb35d",
              "isHook": false,
              "skipped": false
            }
          ],
          "suites": [],
          "passes": [
            "40274437-4e7c-4ca8-b7d0-00d1fe7bd7f7",
            "7d5e36b9-6732-4c68-a236-2268c932f82c",
            "eb2b2f4f-b011-4700-9845-41fb037cb5f0",
            "e1cbc601-b835-4dd7-823c-a75500b55835",
            "2007cab0-d51a-4967-be4b-54d4d179f98f",
            "ee1d900d-140d-4aaf-aee4-31037d25aafc",
            "896a76d3-0382-4cfb-a1a1-84abf78789e6",
            "bee0a5f9-ceaa-471a-87ae-20f6f8beb034",
            "65fb2b03-43e9-4884-994c-e211ff7919d2"
          ],
          "failures": [],
          "pending": [],
          "skipped": [],
          "duration": 7530,
          "root": false,
          "rootEmpty": false,
          "_timeout": 2000
        },
        {
          "uuid": "e006223e-0cd2-4185-8259-7c0bb49a8187",
          "title": "Test All End Point in Website restfull-booker",
          "fullFile": "",
          "file": "",
          "beforeHooks": [],
          "afterHooks": [],
          "tests": [
            {
              "title": "GET Check Connection - PING",
              "fullTitle": "Test All End Point in Website restfull-booker GET Check Connection - PING",
              "timedOut": null,
              "duration": 1881,
              "state": "passed",
              "speed": "fast",
              "pass": true,
              "fail": false,
              "pending": false,
              "context": null,
              "code": "cy.request({\n  method: \"GET\",\n  url: baseUrl + \"/ping\"\n}).then((resp) => {\n  expect(resp.status).to.eq(201);\n});",
              "err": {},
              "uuid": "106181eb-0833-4385-88b0-ec69b99edd74",
              "parentUUID": "e006223e-0cd2-4185-8259-7c0bb49a8187",
              "isHook": false,
              "skipped": false
            },
            {
              "title": "POST Create Token",
              "fullTitle": "Test All End Point in Website restfull-booker POST Create Token",
              "timedOut": null,
              "duration": 611,
              "state": "passed",
              "speed": "fast",
              "pass": true,
              "fail": false,
              "pending": false,
              "context": null,
              "code": "cy.request({\n  method: \"POST\",\n  url: baseUrl + \"/auth\",\n  body: {\n    \"username\": \"admin\",\n    \"password\": \"password123\"\n  }\n}).then((resp) => {\n  expect(resp.status).to.eq(200);\n  expect(resp.body).to.not.empty;\n  tokenValue = resp.body.token;\n  cy.log(\"Current Token \", tokenValue);\n});",
              "err": {},
              "uuid": "eedb1c04-4bd8-49c3-8ce3-76bdb43aeccd",
              "parentUUID": "e006223e-0cd2-4185-8259-7c0bb49a8187",
              "isHook": false,
              "skipped": false
            },
            {
              "title": "GET All Booking Id",
              "fullTitle": "Test All End Point in Website restfull-booker GET All Booking Id",
              "timedOut": null,
              "duration": 2961,
              "state": "passed",
              "speed": "fast",
              "pass": true,
              "fail": false,
              "pending": false,
              "context": null,
              "code": "cy.request({\n  method: \"GET\",\n  url: baseUrl + \"/booking\"\n}).then((resp) => {\n  expect(resp.status).to.eq(200);\n  expect(resp.body).to.not.empty;\n});",
              "err": {},
              "uuid": "f42ca42c-7674-49f9-b981-58fbf0e3ec13",
              "parentUUID": "e006223e-0cd2-4185-8259-7c0bb49a8187",
              "isHook": false,
              "skipped": false
            },
            {
              "title": "GET Specific Booking Id",
              "fullTitle": "Test All End Point in Website restfull-booker GET Specific Booking Id",
              "timedOut": null,
              "duration": 530,
              "state": "passed",
              "speed": "fast",
              "pass": true,
              "fail": false,
              "pending": false,
              "context": null,
              "code": "cy.request({\n  method: \"GET\",\n  url: baseUrl + \"/booking/2\"\n}).then((resp) => {\n  expect(resp.status).to.eq(200);\n  expect(resp.body).to.not.empty;\n});",
              "err": {},
              "uuid": "88009953-905b-4375-89b1-cfbce3c97b3f",
              "parentUUID": "e006223e-0cd2-4185-8259-7c0bb49a8187",
              "isHook": false,
              "skipped": false
            },
            {
              "title": "POST Create Booking Data",
              "fullTitle": "Test All End Point in Website restfull-booker POST Create Booking Data",
              "timedOut": null,
              "duration": 450,
              "state": "passed",
              "speed": "fast",
              "pass": true,
              "fail": false,
              "pending": false,
              "context": null,
              "code": "cy.request({\n  method: \"POST\",\n  url: baseUrl + \"/booking\",\n  body: {\n    \"firstname\": \"Jim\",\n    \"lastname\": \"Brown\",\n    \"totalprice\": 111,\n    \"depositpaid\": true,\n    \"bookingdates\": {\n      \"checkin\": \"2018-01-01\",\n      \"checkout\": \"2019-01-01\"\n    },\n    \"additionalneeds\": \"Breakfast\"\n  }\n}).then((resp) => {\n  expect(resp.status).to.eq(200);\n  expect(resp.body).to.not.empty;\n  expect(resp.body.booking.firstname).to.eq(\"Jim\");\n  expect(resp.body.booking.lastname).to.eq(\"Brown\");\n});",
              "err": {},
              "uuid": "5c97147a-a3a7-4d94-b177-7710b70ed808",
              "parentUUID": "e006223e-0cd2-4185-8259-7c0bb49a8187",
              "isHook": false,
              "skipped": false
            },
            {
              "title": "PUT Update Booking Data by ID",
              "fullTitle": "Test All End Point in Website restfull-booker PUT Update Booking Data by ID",
              "timedOut": null,
              "duration": 442,
              "state": "passed",
              "speed": "fast",
              "pass": true,
              "fail": false,
              "pending": false,
              "context": null,
              "code": "cy.request({\n  method: \"PUT\",\n  url: baseUrl + \"/booking/2\",\n  headers: {\n    cookie: \"token=\" + tokenValue,\n    authorization: \"YWRtaW46cGFzc3dvcmQxMjM=\"\n  },\n  body: {\n    \"firstname\": \"James\",\n    \"lastname\": \"Brown\",\n    \"totalprice\": 111,\n    \"depositpaid\": true,\n    \"bookingdates\": {\n      \"checkin\": \"2018-01-01\",\n      \"checkout\": \"2019-01-01\"\n    },\n    \"additionalneeds\": \"Breakfast\"\n  }\n}).then((resp) => {\n  expect(resp.status).to.eq(200);\n  expect(resp.body).to.not.empty;\n  expect(resp.body.firstname).to.eq(\"James\");\n  expect(resp.body.lastname).to.eq(\"Brown\");\n});",
              "err": {},
              "uuid": "271fedb2-8537-4c7c-a99f-e7fafdb7a4b2",
              "parentUUID": "e006223e-0cd2-4185-8259-7c0bb49a8187",
              "isHook": false,
              "skipped": false
            },
            {
              "title": "DELETE Data Booking By Id",
              "fullTitle": "Test All End Point in Website restfull-booker DELETE Data Booking By Id",
              "timedOut": null,
              "duration": 534,
              "state": "passed",
              "speed": "fast",
              "pass": true,
              "fail": false,
              "pending": false,
              "context": null,
              "code": "cy.request({\n  method: \"DELETE\",\n  url: baseUrl + \"/booking/1\",\n  headers: {\n    cookie: \"token=\" + tokenValue,\n    authorization: \"YWRtaW46cGFzc3dvcmQxMjM=\"\n  }\n}).then((resp) => {\n  expect(resp.status).to.eq(201);\n});",
              "err": {},
              "uuid": "c7681990-0ea2-44ba-ac37-9bbf79eab285",
              "parentUUID": "e006223e-0cd2-4185-8259-7c0bb49a8187",
              "isHook": false,
              "skipped": false
            }
          ],
          "suites": [],
          "passes": [
            "106181eb-0833-4385-88b0-ec69b99edd74",
            "eedb1c04-4bd8-49c3-8ce3-76bdb43aeccd",
            "f42ca42c-7674-49f9-b981-58fbf0e3ec13",
            "88009953-905b-4375-89b1-cfbce3c97b3f",
            "5c97147a-a3a7-4d94-b177-7710b70ed808",
            "271fedb2-8537-4c7c-a99f-e7fafdb7a4b2",
            "c7681990-0ea2-44ba-ac37-9bbf79eab285"
          ],
          "failures": [],
          "pending": [],
          "skipped": [],
          "duration": 7409,
          "root": false,
          "rootEmpty": false,
          "_timeout": 2000
        }
      ],
      "passes": [],
      "failures": [],
      "pending": [],
      "skipped": [],
      "duration": 0,
      "root": true,
      "rootEmpty": true,
      "_timeout": 2000
    }
  ],
  "meta": {
    "mocha": {
      "version": "7.0.1"
    },
    "mochawesome": {
      "options": {
        "quiet": false,
        "reportFilename": "[status]_[name]-report.html",
        "saveHtml": false,
        "saveJson": true,
        "consoleReporter": "spec",
        "useInlineDiffs": false,
        "code": true
      },
      "version": "7.1.3"
    },
    "marge": {
      "options": {
        "charts": false,
        "html": false,
        "json": true,
        "reportFilename": "[status]_[name]-report.html",
        "saveHtml": true,
        "saveJson": true,
        "reportDir": "cypress\\reports\\html\\.jsons",
        "overwrite": false,
        "embeddedScreenshots": true,
        "inlineAssets": true,
        "saveAllAttempts": false
      },
      "version": "6.2.0"
    }
  }
}