{
  "stats": {
    "suites": 1,
    "tests": 9,
    "passes": 9,
    "pending": 0,
    "failures": 0,
    "start": "2023-04-03T13:32:50.280Z",
    "end": "2023-04-03T13:32:57.018Z",
    "duration": 6738,
    "testsRegistered": 9,
    "passPercent": 100,
    "pendingPercent": 0,
    "other": 0,
    "hasOther": false,
    "skipped": 0,
    "hasSkipped": false
  },
  "results": [
    {
      "uuid": "0f9c559b-b7ed-4826-9394-b8f1b843612b",
      "title": "",
      "fullFile": "cypress\\e2e\\apitest\\bookVdespa.cy.js",
      "file": "cypress\\e2e\\apitest\\bookVdespa.cy.js",
      "beforeHooks": [],
      "afterHooks": [],
      "tests": [],
      "suites": [
        {
          "uuid": "d8a0525b-803d-4f3d-9189-45dc901dea99",
          "title": "Automate API with Authorization",
          "fullFile": "",
          "file": "",
          "beforeHooks": [],
          "afterHooks": [],
          "tests": [
            {
              "title": "GET Status",
              "fullTitle": "Automate API with Authorization GET Status",
              "timedOut": null,
              "duration": 1896,
              "state": "passed",
              "speed": "fast",
              "pass": true,
              "fail": false,
              "pending": false,
              "context": null,
              "code": "cy.request({\n  method: \"GET\",\n  url: baseUrl + \"/status\"\n}).then((res) => {\n  expect(res.status).to.eq(200);\n});",
              "err": {},
              "uuid": "abefd026-c602-494e-a9cc-1bea756afaed",
              "parentUUID": "d8a0525b-803d-4f3d-9189-45dc901dea99",
              "isHook": false,
              "skipped": false
            },
            {
              "title": "GET Books",
              "fullTitle": "Automate API with Authorization GET Books",
              "timedOut": null,
              "duration": 408,
              "state": "passed",
              "speed": "fast",
              "pass": true,
              "fail": false,
              "pending": false,
              "context": null,
              "code": "cy.request({\n  method: \"GET\",\n  url: baseUrl + \"/books\"\n}).then((res) => {\n  expect(res.status).to.eq(200);\n  expect(res.body).to.not.empty;\n});",
              "err": {},
              "uuid": "112e4cf4-6519-472a-900d-f59849fe81a5",
              "parentUUID": "d8a0525b-803d-4f3d-9189-45dc901dea99",
              "isHook": false,
              "skipped": false
            },
            {
              "title": "GET Single Book With ID",
              "fullTitle": "Automate API with Authorization GET Single Book With ID",
              "timedOut": null,
              "duration": 398,
              "state": "passed",
              "speed": "fast",
              "pass": true,
              "fail": false,
              "pending": false,
              "context": null,
              "code": "cy.request({\n  method: \"GET\",\n  url: baseUrl + \"/books/2\"\n}).then((res) => {\n  expect(res.status).to.eq(200);\n  expect(res.body.id).to.eq(2);\n});",
              "err": {},
              "uuid": "be391273-e83b-4f48-9905-70484a357f9d",
              "parentUUID": "d8a0525b-803d-4f3d-9189-45dc901dea99",
              "isHook": false,
              "skipped": false
            },
            {
              "title": "POST Create New Token",
              "fullTitle": "Automate API with Authorization POST Create New Token",
              "timedOut": null,
              "duration": 723,
              "state": "passed",
              "speed": "fast",
              "pass": true,
              "fail": false,
              "pending": false,
              "context": null,
              "code": "cy.request({\n  method: \"POST\",\n  url: baseUrl + \"/api-clients\",\n  body: {\n    \"clientName\": \"Postman\",\n    \"clientEmail\": \"valentindespa\" + randomString(3) + \"@example.com\"\n  }\n}).then((res) => {\n  expect(res.status).to.eq(201);\n  expect(res.body).to.not.empty;\n  tokenValue = res.body.accessToken;\n  cy.log(\"Current token\", tokenValue);\n});",
              "err": {},
              "uuid": "82a41b9f-7008-4a1c-8fcb-9cef2545304c",
              "parentUUID": "d8a0525b-803d-4f3d-9189-45dc901dea99",
              "isHook": false,
              "skipped": false
            },
            {
              "title": "POST Submit New Order",
              "fullTitle": "Automate API with Authorization POST Submit New Order",
              "timedOut": null,
              "duration": 814,
              "state": "passed",
              "speed": "fast",
              "pass": true,
              "fail": false,
              "pending": false,
              "context": null,
              "code": "cy.request({\n  method: \"POST\",\n  url: baseUrl + \"//orders\",\n  headers: {\n    Authorization: \"Bearer \" + tokenValue\n  },\n  body: {\n    \"bookId\": newOrderId,\n    \"customerName\": newOrderName\n  }\n}).then((res) => {\n  expect(res.status).to.eq(201);\n  expect(res.body).to.not.empty;\n  orderIdValue = res.body.orderId;\n  cy.log(\"Current Order Id\", orderIdValue);\n});",
              "err": {},
              "uuid": "a1568e22-eb7f-40b1-9179-052a53895899",
              "parentUUID": "d8a0525b-803d-4f3d-9189-45dc901dea99",
              "isHook": false,
              "skipped": false
            },
            {
              "title": "GET All Data Orders",
              "fullTitle": "Automate API with Authorization GET All Data Orders",
              "timedOut": null,
              "duration": 428,
              "state": "passed",
              "speed": "fast",
              "pass": true,
              "fail": false,
              "pending": false,
              "context": null,
              "code": "cy.request({\n  method: \"GET\",\n  url: baseUrl + \"//orders\",\n  headers: {\n    Authorization: \"Bearer \" + tokenValue\n  }\n}).then((res) => {\n  expect(res.status).to.eq(200);\n  expect(res.body).to.not.empty;\n});",
              "err": {},
              "uuid": "cd8c475a-624d-462d-a316-5073789a939e",
              "parentUUID": "d8a0525b-803d-4f3d-9189-45dc901dea99",
              "isHook": false,
              "skipped": false
            },
            {
              "title": "GET Specific Data Orders",
              "fullTitle": "Automate API with Authorization GET Specific Data Orders",
              "timedOut": null,
              "duration": 570,
              "state": "passed",
              "speed": "fast",
              "pass": true,
              "fail": false,
              "pending": false,
              "context": null,
              "code": "cy.request({\n  method: \"GET\",\n  url: baseUrl + \"//orders/\" + orderIdValue,\n  headers: {\n    Authorization: \"Bearer \" + tokenValue\n  }\n}).then((res) => {\n  expect(res.status).to.eq(200);\n  expect(res.body.id).to.eq(orderIdValue);\n  expect(res.body.bookId).to.eq(newOrderId);\n  expect(res.body.customerName).to.eq(newOrderName);\n});",
              "err": {},
              "uuid": "4b86e5e6-f375-4076-917c-c6daffb2a3e6",
              "parentUUID": "d8a0525b-803d-4f3d-9189-45dc901dea99",
              "isHook": false,
              "skipped": false
            },
            {
              "title": "UPDATE Specific Data Orders",
              "fullTitle": "Automate API with Authorization UPDATE Specific Data Orders",
              "timedOut": null,
              "duration": 599,
              "state": "passed",
              "speed": "fast",
              "pass": true,
              "fail": false,
              "pending": false,
              "context": null,
              "code": "cy.request({\n  method: \"PATCH\",\n  url: baseUrl + \"//orders/\" + orderIdValue,\n  headers: {\n    Authorization: \"Bearer \" + tokenValue\n  }\n}).then((res) => {\n  expect(res.status).to.eq(204);\n});",
              "err": {},
              "uuid": "5c18471b-6096-4b1f-82ce-c5e6b3053e7a",
              "parentUUID": "d8a0525b-803d-4f3d-9189-45dc901dea99",
              "isHook": false,
              "skipped": false
            },
            {
              "title": "DELETE Specific Data Orders",
              "fullTitle": "Automate API with Authorization DELETE Specific Data Orders",
              "timedOut": null,
              "duration": 507,
              "state": "passed",
              "speed": "fast",
              "pass": true,
              "fail": false,
              "pending": false,
              "context": null,
              "code": "cy.request({\n  method: \"DELETE\",\n  url: baseUrl + \"//orders/\" + orderIdValue,\n  headers: {\n    Authorization: \"Bearer \" + tokenValue\n  }\n}).then((res) => {\n  expect(res.status).to.eq(204);\n});",
              "err": {},
              "uuid": "889d1a6d-4049-4f3e-91c2-d9ec8c5201b9",
              "parentUUID": "d8a0525b-803d-4f3d-9189-45dc901dea99",
              "isHook": false,
              "skipped": false
            }
          ],
          "suites": [],
          "passes": [
            "abefd026-c602-494e-a9cc-1bea756afaed",
            "112e4cf4-6519-472a-900d-f59849fe81a5",
            "be391273-e83b-4f48-9905-70484a357f9d",
            "82a41b9f-7008-4a1c-8fcb-9cef2545304c",
            "a1568e22-eb7f-40b1-9179-052a53895899",
            "cd8c475a-624d-462d-a316-5073789a939e",
            "4b86e5e6-f375-4076-917c-c6daffb2a3e6",
            "5c18471b-6096-4b1f-82ce-c5e6b3053e7a",
            "889d1a6d-4049-4f3e-91c2-d9ec8c5201b9"
          ],
          "failures": [],
          "pending": [],
          "skipped": [],
          "duration": 6343,
          "root": false,
          "rootEmpty": false,
          "_timeout": 2000
        }
      ],
      "passes": [],
      "failures": [],
      "pending": [],
      "skipped": [],
      "duration": 0,
      "root": true,
      "rootEmpty": true,
      "_timeout": 2000
    }
  ],
  "meta": {
    "mocha": {
      "version": "7.0.1"
    },
    "mochawesome": {
      "options": {
        "quiet": false,
        "reportFilename": "[status]_[name]-report.html",
        "saveHtml": false,
        "saveJson": true,
        "consoleReporter": "spec",
        "useInlineDiffs": false,
        "code": true
      },
      "version": "7.1.3"
    },
    "marge": {
      "options": {
        "charts": false,
        "html": false,
        "json": true,
        "reportFilename": "[status]_[name]-report.html",
        "saveHtml": true,
        "saveJson": true,
        "reportDir": "cypress\\reports\\html\\.jsons",
        "overwrite": false,
        "embeddedScreenshots": true,
        "inlineAssets": true,
        "saveAllAttempts": false
      },
      "version": "6.2.0"
    }
  }
}