{
  "stats": {
    "suites": 1,
    "tests": 7,
    "passes": 7,
    "pending": 0,
    "failures": 0,
    "start": "2023-04-03T13:27:18.002Z",
    "end": "2023-04-03T13:27:24.509Z",
    "duration": 6507,
    "testsRegistered": 7,
    "passPercent": 100,
    "pendingPercent": 0,
    "other": 0,
    "hasOther": false,
    "skipped": 0,
    "hasSkipped": false
  },
  "results": [
    {
      "uuid": "940e8267-d7db-4da5-8b74-1c91db9f0e89",
      "title": "",
      "fullFile": "cypress\\e2e\\apitest\\restfullBooker.cy.js",
      "file": "cypress\\e2e\\apitest\\restfullBooker.cy.js",
      "beforeHooks": [],
      "afterHooks": [],
      "tests": [],
      "suites": [
        {
          "uuid": "d9fbaf1e-fa98-4ff6-9a1e-7c568729696a",
          "title": "Test All End Point in Website restfull-booker",
          "fullFile": "",
          "file": "",
          "beforeHooks": [],
          "afterHooks": [],
          "tests": [
            {
              "title": "GET Check Connection - PING",
              "fullTitle": "Test All End Point in Website restfull-booker GET Check Connection - PING",
              "timedOut": null,
              "duration": 2003,
              "state": "passed",
              "speed": "fast",
              "pass": true,
              "fail": false,
              "pending": false,
              "context": null,
              "code": "cy.request({\n  method: \"GET\",\n  url: baseUrl + \"/ping\"\n}).then((resp) => {\n  expect(resp.status).to.eq(201);\n});",
              "err": {},
              "uuid": "8e0b4e03-9970-4a28-bcef-909f7afc33f1",
              "parentUUID": "d9fbaf1e-fa98-4ff6-9a1e-7c568729696a",
              "isHook": false,
              "skipped": false
            },
            {
              "title": "POST Create Token",
              "fullTitle": "Test All End Point in Website restfull-booker POST Create Token",
              "timedOut": null,
              "duration": 514,
              "state": "passed",
              "speed": "fast",
              "pass": true,
              "fail": false,
              "pending": false,
              "context": null,
              "code": "cy.request({\n  method: \"POST\",\n  url: baseUrl + \"/auth\",\n  body: {\n    \"username\": \"admin\",\n    \"password\": \"password123\"\n  }\n}).then((resp) => {\n  expect(resp.status).to.eq(200);\n  expect(resp.body).to.not.empty;\n  tokenValue = resp.body.token;\n  cy.log(\"Current Token \", tokenValue);\n});",
              "err": {},
              "uuid": "d32a867c-33d2-4ace-bad3-ddc9003fc759",
              "parentUUID": "d9fbaf1e-fa98-4ff6-9a1e-7c568729696a",
              "isHook": false,
              "skipped": false
            },
            {
              "title": "GET All Booking Id",
              "fullTitle": "Test All End Point in Website restfull-booker GET All Booking Id",
              "timedOut": null,
              "duration": 1667,
              "state": "passed",
              "speed": "fast",
              "pass": true,
              "fail": false,
              "pending": false,
              "context": null,
              "code": "cy.request({\n  method: \"GET\",\n  url: baseUrl + \"/booking\"\n}).then((resp) => {\n  expect(resp.status).to.eq(200);\n  expect(resp.body).to.not.empty;\n});",
              "err": {},
              "uuid": "bd6c315d-64a5-4785-9e59-055238322d8b",
              "parentUUID": "d9fbaf1e-fa98-4ff6-9a1e-7c568729696a",
              "isHook": false,
              "skipped": false
            },
            {
              "title": "GET Specific Booking Id",
              "fullTitle": "Test All End Point in Website restfull-booker GET Specific Booking Id",
              "timedOut": null,
              "duration": 442,
              "state": "passed",
              "speed": "fast",
              "pass": true,
              "fail": false,
              "pending": false,
              "context": null,
              "code": "cy.request({\n  method: \"GET\",\n  url: baseUrl + \"/booking/2\"\n}).then((resp) => {\n  expect(resp.status).to.eq(200);\n  expect(resp.body).to.not.empty;\n});",
              "err": {},
              "uuid": "e75ba0f8-539e-4915-a7a6-4319fcd90721",
              "parentUUID": "d9fbaf1e-fa98-4ff6-9a1e-7c568729696a",
              "isHook": false,
              "skipped": false
            },
            {
              "title": "POST Create Booking Data",
              "fullTitle": "Test All End Point in Website restfull-booker POST Create Booking Data",
              "timedOut": null,
              "duration": 501,
              "state": "passed",
              "speed": "fast",
              "pass": true,
              "fail": false,
              "pending": false,
              "context": null,
              "code": "cy.request({\n  method: \"POST\",\n  url: baseUrl + \"/booking\",\n  body: {\n    \"firstname\": \"Jim\",\n    \"lastname\": \"Brown\",\n    \"totalprice\": 111,\n    \"depositpaid\": true,\n    \"bookingdates\": {\n      \"checkin\": \"2018-01-01\",\n      \"checkout\": \"2019-01-01\"\n    },\n    \"additionalneeds\": \"Breakfast\"\n  }\n}).then((resp) => {\n  expect(resp.status).to.eq(200);\n  expect(resp.body).to.not.empty;\n  expect(resp.body.booking.firstname).to.eq(\"Jim\");\n  expect(resp.body.booking.lastname).to.eq(\"Brown\");\n});",
              "err": {},
              "uuid": "70b8fea2-6979-4710-a80a-146afdb09326",
              "parentUUID": "d9fbaf1e-fa98-4ff6-9a1e-7c568729696a",
              "isHook": false,
              "skipped": false
            },
            {
              "title": "PUT Update Booking Data by ID",
              "fullTitle": "Test All End Point in Website restfull-booker PUT Update Booking Data by ID",
              "timedOut": null,
              "duration": 423,
              "state": "passed",
              "speed": "fast",
              "pass": true,
              "fail": false,
              "pending": false,
              "context": null,
              "code": "cy.request({\n  method: \"PUT\",\n  url: baseUrl + \"/booking/2\",\n  headers: {\n    cookie: \"token=\" + tokenValue,\n    authorization: \"YWRtaW46cGFzc3dvcmQxMjM=\"\n  },\n  body: {\n    \"firstname\": \"James\",\n    \"lastname\": \"Brown\",\n    \"totalprice\": 111,\n    \"depositpaid\": true,\n    \"bookingdates\": {\n      \"checkin\": \"2018-01-01\",\n      \"checkout\": \"2019-01-01\"\n    },\n    \"additionalneeds\": \"Breakfast\"\n  }\n}).then((resp) => {\n  expect(resp.status).to.eq(200);\n  expect(resp.body).to.not.empty;\n  expect(resp.body.firstname).to.eq(\"James\");\n  expect(resp.body.lastname).to.eq(\"Brown\");\n});",
              "err": {},
              "uuid": "c511c63c-7215-4286-bf93-e48b91b9aa0f",
              "parentUUID": "d9fbaf1e-fa98-4ff6-9a1e-7c568729696a",
              "isHook": false,
              "skipped": false
            },
            {
              "title": "DELETE Data Booking By Id",
              "fullTitle": "Test All End Point in Website restfull-booker DELETE Data Booking By Id",
              "timedOut": null,
              "duration": 403,
              "state": "passed",
              "speed": "fast",
              "pass": true,
              "fail": false,
              "pending": false,
              "context": null,
              "code": "cy.request({\n  method: \"DELETE\",\n  url: baseUrl + \"/booking/1\",\n  headers: {\n    cookie: \"token=\" + tokenValue,\n    authorization: \"YWRtaW46cGFzc3dvcmQxMjM=\"\n  }\n}).then((resp) => {\n  expect(resp.status).to.eq(201);\n});",
              "err": {},
              "uuid": "9d7ad399-1cb6-4a14-bd1a-0ea07c3dae4b",
              "parentUUID": "d9fbaf1e-fa98-4ff6-9a1e-7c568729696a",
              "isHook": false,
              "skipped": false
            }
          ],
          "suites": [],
          "passes": [
            "8e0b4e03-9970-4a28-bcef-909f7afc33f1",
            "d32a867c-33d2-4ace-bad3-ddc9003fc759",
            "bd6c315d-64a5-4785-9e59-055238322d8b",
            "e75ba0f8-539e-4915-a7a6-4319fcd90721",
            "70b8fea2-6979-4710-a80a-146afdb09326",
            "c511c63c-7215-4286-bf93-e48b91b9aa0f",
            "9d7ad399-1cb6-4a14-bd1a-0ea07c3dae4b"
          ],
          "failures": [],
          "pending": [],
          "skipped": [],
          "duration": 5953,
          "root": false,
          "rootEmpty": false,
          "_timeout": 2000
        }
      ],
      "passes": [],
      "failures": [],
      "pending": [],
      "skipped": [],
      "duration": 0,
      "root": true,
      "rootEmpty": true,
      "_timeout": 2000
    }
  ],
  "meta": {
    "mocha": {
      "version": "7.0.1"
    },
    "mochawesome": {
      "options": {
        "quiet": false,
        "reportFilename": "[status]_[name]-report.html",
        "saveHtml": false,
        "saveJson": true,
        "consoleReporter": "spec",
        "useInlineDiffs": false,
        "code": true
      },
      "version": "7.1.3"
    },
    "marge": {
      "options": {
        "charts": false,
        "html": false,
        "json": true,
        "reportFilename": "[status]_[name]-report.html",
        "saveHtml": true,
        "saveJson": true,
        "reportDir": "cypress\\reports\\html\\.jsons",
        "overwrite": false,
        "embeddedScreenshots": true,
        "inlineAssets": true,
        "saveAllAttempts": false
      },
      "version": "6.2.0"
    }
  }
}