{
  "stats": {
    "suites": 2,
    "tests": 6,
    "passes": 6,
    "pending": 0,
    "failures": 0,
    "start": "2023-02-05T10:47:36.210Z",
    "end": "2023-02-05T10:48:30.397Z",
    "duration": 54187,
    "testsRegistered": 6,
    "passPercent": 100,
    "pendingPercent": 0,
    "other": 0,
    "hasOther": false,
    "skipped": 0,
    "hasSkipped": false
  },
  "results": [
    {
      "uuid": "28ea057b-9587-4814-83bb-a869f64ef5ee",
      "title": "",
      "fullFile": "cypress\\e2e\\1-getting-started\\todo.cy.js",
      "file": "cypress\\e2e\\1-getting-started\\todo.cy.js",
      "beforeHooks": [],
      "afterHooks": [],
      "tests": [],
      "suites": [
        {
          "uuid": "954c6e04-091f-42b1-83c9-6dbd05cae68b",
          "title": "example to-do app",
          "fullFile": "",
          "file": "",
          "beforeHooks": [],
          "afterHooks": [],
          "tests": [
            {
              "title": "displays two todo items by default",
              "fullTitle": "example to-do app displays two todo items by default",
              "timedOut": null,
              "duration": 29691,
              "state": "passed",
              "speed": "slow",
              "pass": true,
              "fail": false,
              "pending": false,
              "context": null,
              "code": "cy.get(\".todo-list li\").should(\"have.length\", 2);\ncy.get(\".todo-list li\").first().should(\"have.text\", \"Pay electric bill\");\ncy.get(\".todo-list li\").last().should(\"have.text\", \"Walk the dog\");",
              "err": {},
              "uuid": "ec7f0b1f-0320-4bb0-8b97-8a906a7575c2",
              "parentUUID": "954c6e04-091f-42b1-83c9-6dbd05cae68b",
              "isHook": false,
              "skipped": false
            },
            {
              "title": "can add new todo items",
              "fullTitle": "example to-do app can add new todo items",
              "timedOut": null,
              "duration": 8820,
              "state": "passed",
              "speed": "medium",
              "pass": true,
              "fail": false,
              "pending": false,
              "context": null,
              "code": "const newItem = \"Feed the cat\";\ncy.get(\"[data-test=new-todo]\").type(`${newItem}{enter}`);\ncy.get(\".todo-list li\").should(\"have.length\", 3).last().should(\"have.text\", newItem);",
              "err": {},
              "uuid": "b1c1b428-2ada-4735-a6d0-a6d2e427a81e",
              "parentUUID": "954c6e04-091f-42b1-83c9-6dbd05cae68b",
              "isHook": false,
              "skipped": false
            },
            {
              "title": "can check off an item as completed",
              "fullTitle": "example to-do app can check off an item as completed",
              "timedOut": null,
              "duration": 1873,
              "state": "passed",
              "speed": "fast",
              "pass": true,
              "fail": false,
              "pending": false,
              "context": null,
              "code": "cy.contains(\"Pay electric bill\").parent().find(\"input[type=checkbox]\").check();\ncy.contains(\"Pay electric bill\").parents(\"li\").should(\"have.class\", \"completed\");",
              "err": {},
              "uuid": "2cdbca0a-938c-4cda-8e47-bafa618de40f",
              "parentUUID": "954c6e04-091f-42b1-83c9-6dbd05cae68b",
              "isHook": false,
              "skipped": false
            }
          ],
          "suites": [
            {
              "uuid": "219ffca2-5ee7-49b7-9152-7bc742908521",
              "title": "with a checked task",
              "fullFile": "",
              "file": "",
              "beforeHooks": [],
              "afterHooks": [],
              "tests": [
                {
                  "title": "can filter for uncompleted tasks",
                  "fullTitle": "example to-do app with a checked task can filter for uncompleted tasks",
                  "timedOut": null,
                  "duration": 1864,
                  "state": "passed",
                  "speed": "fast",
                  "pass": true,
                  "fail": false,
                  "pending": false,
                  "context": null,
                  "code": "cy.contains(\"Active\").click();\ncy.get(\".todo-list li\").should(\"have.length\", 1).first().should(\"have.text\", \"Walk the dog\");\ncy.contains(\"Pay electric bill\").should(\"not.exist\");",
                  "err": {},
                  "uuid": "7e0e841f-c173-4e54-a35b-b6c6d8d5567a",
                  "parentUUID": "219ffca2-5ee7-49b7-9152-7bc742908521",
                  "isHook": false,
                  "skipped": false
                },
                {
                  "title": "can filter for completed tasks",
                  "fullTitle": "example to-do app with a checked task can filter for completed tasks",
                  "timedOut": null,
                  "duration": 2076,
                  "state": "passed",
                  "speed": "fast",
                  "pass": true,
                  "fail": false,
                  "pending": false,
                  "context": null,
                  "code": "cy.contains(\"Completed\").click();\ncy.get(\".todo-list li\").should(\"have.length\", 1).first().should(\"have.text\", \"Pay electric bill\");\ncy.contains(\"Walk the dog\").should(\"not.exist\");",
                  "err": {},
                  "uuid": "d0c78df0-a62c-45e3-a02c-ba05f08a1f7f",
                  "parentUUID": "219ffca2-5ee7-49b7-9152-7bc742908521",
                  "isHook": false,
                  "skipped": false
                },
                {
                  "title": "can delete all completed tasks",
                  "fullTitle": "example to-do app with a checked task can delete all completed tasks",
                  "timedOut": null,
                  "duration": 2324,
                  "state": "passed",
                  "speed": "fast",
                  "pass": true,
                  "fail": false,
                  "pending": false,
                  "context": null,
                  "code": "cy.contains(\"Clear completed\").click();\ncy.get(\".todo-list li\").should(\"have.length\", 1).should(\"not.have.text\", \"Pay electric bill\");\ncy.contains(\"Clear completed\").should(\"not.exist\");",
                  "err": {},
                  "uuid": "f63bba1f-3533-4f7a-bd17-c2c936963683",
                  "parentUUID": "219ffca2-5ee7-49b7-9152-7bc742908521",
                  "isHook": false,
                  "skipped": false
                }
              ],
              "suites": [],
              "passes": [
                "7e0e841f-c173-4e54-a35b-b6c6d8d5567a",
                "d0c78df0-a62c-45e3-a02c-ba05f08a1f7f",
                "f63bba1f-3533-4f7a-bd17-c2c936963683"
              ],
              "failures": [],
              "pending": [],
              "skipped": [],
              "duration": 6264,
              "root": false,
              "rootEmpty": false,
              "_timeout": 2000
            }
          ],
          "passes": [
            "ec7f0b1f-0320-4bb0-8b97-8a906a7575c2",
            "b1c1b428-2ada-4735-a6d0-a6d2e427a81e",
            "2cdbca0a-938c-4cda-8e47-bafa618de40f"
          ],
          "failures": [],
          "pending": [],
          "skipped": [],
          "duration": 40384,
          "root": false,
          "rootEmpty": false,
          "_timeout": 2000
        }
      ],
      "passes": [],
      "failures": [],
      "pending": [],
      "skipped": [],
      "duration": 0,
      "root": true,
      "rootEmpty": true,
      "_timeout": 2000
    }
  ],
  "meta": {
    "mocha": {
      "version": "7.0.1"
    },
    "mochawesome": {
      "options": {
        "quiet": false,
        "reportFilename": "[status]_[name]-report.html",
        "saveHtml": false,
        "saveJson": true,
        "consoleReporter": "spec",
        "useInlineDiffs": false,
        "code": true
      },
      "version": "7.1.3"
    },
    "marge": {
      "options": {
        "charts": false,
        "html": false,
        "json": true,
        "reportFilename": "[status]_[name]-report.html",
        "saveHtml": true,
        "saveJson": true,
        "reportDir": "cypress\\reports\\html\\.jsons",
        "overwrite": false,
        "embeddedScreenshots": true,
        "inlineAssets": true,
        "saveAllAttempts": false
      },
      "version": "6.2.0"
    }
  }
}