{
  "stats": {
    "suites": 1,
    "tests": 9,
    "passes": 9,
    "pending": 0,
    "failures": 0,
    "start": "2023-02-05T10:52:44.167Z",
    "end": "2023-02-05T10:52:49.696Z",
    "duration": 5529,
    "testsRegistered": 9,
    "passPercent": 100,
    "pendingPercent": 0,
    "other": 0,
    "hasOther": false,
    "skipped": 0,
    "hasSkipped": false
  },
  "results": [
    {
      "uuid": "86380bdd-fb93-4b11-9301-7ad4a7e90a20",
      "title": "",
      "fullFile": "cypress\\e2e\\apitest\\reqresIn.cy.js",
      "file": "cypress\\e2e\\apitest\\reqresIn.cy.js",
      "beforeHooks": [],
      "afterHooks": [],
      "tests": [],
      "suites": [
        {
          "uuid": "2be5cc66-0671-40ce-90bb-5a2f9925528b",
          "title": "Test All Endpoint in Website Reqres.in",
          "fullFile": "",
          "file": "",
          "beforeHooks": [],
          "afterHooks": [],
          "tests": [
            {
              "title": "Get List User",
              "fullTitle": "Test All Endpoint in Website Reqres.in Get List User",
              "timedOut": null,
              "duration": 890,
              "state": "passed",
              "speed": "fast",
              "pass": true,
              "fail": false,
              "pending": false,
              "context": null,
              "code": "cy.request({\n  method: \"GET\",\n  url: startUrl + \"/api/users?page=2\"\n}).then((res) => {\n  expect(res.status).to.eq(200);\n  expect(res.body).to.not.empty;\n});",
              "err": {},
              "uuid": "ba743d2e-30b8-4b60-8e8f-7f555d2fcb62",
              "parentUUID": "2be5cc66-0671-40ce-90bb-5a2f9925528b",
              "isHook": false,
              "skipped": false
            },
            {
              "title": "Get Single User",
              "fullTitle": "Test All Endpoint in Website Reqres.in Get Single User",
              "timedOut": null,
              "duration": 193,
              "state": "passed",
              "speed": "fast",
              "pass": true,
              "fail": false,
              "pending": false,
              "context": null,
              "code": "cy.request({\n  method: \"GET\",\n  url: startUrl + \"/api/users/2\"\n}).then((res) => {\n  expect(res.status).to.eq(200);\n  expect(res.body).to.not.empty;\n  expect(res.body.data.id).to.eq(2);\n});",
              "err": {},
              "uuid": "3b8cf679-77cc-4764-b963-7be62ebff327",
              "parentUUID": "2be5cc66-0671-40ce-90bb-5a2f9925528b",
              "isHook": false,
              "skipped": false
            },
            {
              "title": "Get Single User Not Found",
              "fullTitle": "Test All Endpoint in Website Reqres.in Get Single User Not Found",
              "timedOut": null,
              "duration": 576,
              "state": "passed",
              "speed": "fast",
              "pass": true,
              "fail": false,
              "pending": false,
              "context": null,
              "code": "cy.request({\n  method: \"GET\",\n  url: startUrl + \"/api/users/23\",\n  failOnStatusCode: false\n}).its(\"status\").should(\"equal\", 404);",
              "err": {},
              "uuid": "e57a68a2-e074-4189-9b4c-b726f1c57864",
              "parentUUID": "2be5cc66-0671-40ce-90bb-5a2f9925528b",
              "isHook": false,
              "skipped": false
            },
            {
              "title": "Create User",
              "fullTitle": "Test All Endpoint in Website Reqres.in Create User",
              "timedOut": null,
              "duration": 598,
              "state": "passed",
              "speed": "fast",
              "pass": true,
              "fail": false,
              "pending": false,
              "context": null,
              "code": "cy.request({\n  method: \"POST\",\n  url: startUrl + \"/api/users\",\n  body: {\n    \"name\": \"morpheus\",\n    \"job\": \"leader\"\n  }\n}).then((res) => {\n  expect(res.status).to.eq(201);\n  expect(res.body.name).to.eq(\"morpheus\");\n  expect(res.body.job).to.eq(\"leader\");\n});",
              "err": {},
              "uuid": "9c2771ab-9469-4921-9918-acdb572d41f4",
              "parentUUID": "2be5cc66-0671-40ce-90bb-5a2f9925528b",
              "isHook": false,
              "skipped": false
            },
            {
              "title": "Update Specific Id User",
              "fullTitle": "Test All Endpoint in Website Reqres.in Update Specific Id User",
              "timedOut": null,
              "duration": 543,
              "state": "passed",
              "speed": "fast",
              "pass": true,
              "fail": false,
              "pending": false,
              "context": null,
              "code": "cy.request({\n  method: \"PUT\",\n  url: startUrl + \"/api/users/2\",\n  body: {\n    \"name\": \"morpheus\",\n    \"job\": \"zion resident\"\n  }\n}).then((res) => {\n  expect(res.status).to.eq(200);\n  expect(res.body.name).to.eq(\"morpheus\");\n  expect(res.body.job).to.eq(\"zion resident\");\n});",
              "err": {},
              "uuid": "4fcbf074-58f0-4944-8210-d621df617d52",
              "parentUUID": "2be5cc66-0671-40ce-90bb-5a2f9925528b",
              "isHook": false,
              "skipped": false
            },
            {
              "title": "Delete Specific Id User",
              "fullTitle": "Test All Endpoint in Website Reqres.in Delete Specific Id User",
              "timedOut": null,
              "duration": 577,
              "state": "passed",
              "speed": "fast",
              "pass": true,
              "fail": false,
              "pending": false,
              "context": null,
              "code": "cy.request({\n  method: \"DELETE\",\n  url: startUrl + \"/api/users/2\"\n}).then((res) => {\n  expect(res.status).to.eq(204);\n});",
              "err": {},
              "uuid": "73da7291-5c3c-4ead-98d2-89b45111e9a0",
              "parentUUID": "2be5cc66-0671-40ce-90bb-5a2f9925528b",
              "isHook": false,
              "skipped": false
            },
            {
              "title": "User Register Successful",
              "fullTitle": "Test All Endpoint in Website Reqres.in User Register Successful",
              "timedOut": null,
              "duration": 537,
              "state": "passed",
              "speed": "fast",
              "pass": true,
              "fail": false,
              "pending": false,
              "context": null,
              "code": "cy.request({\n  method: \"POST\",\n  url: startUrl + \"/api/register\",\n  body: {\n    \"email\": \"eve.holt@reqres.in\",\n    \"password\": \"pistol\"\n  }\n}).then((res) => {\n  expect(res.status).to.eq(200);\n  expect(res.body.id).to.not.equal();\n  expect(res.body.token).not.to.be.empty;\n});",
              "err": {},
              "uuid": "409779f5-ab47-4a97-982e-5f71954a6205",
              "parentUUID": "2be5cc66-0671-40ce-90bb-5a2f9925528b",
              "isHook": false,
              "skipped": false
            },
            {
              "title": "User Register Not Successful",
              "fullTitle": "Test All Endpoint in Website Reqres.in User Register Not Successful",
              "timedOut": null,
              "duration": 774,
              "state": "passed",
              "speed": "fast",
              "pass": true,
              "fail": false,
              "pending": false,
              "context": null,
              "code": "cy.request({\n  method: \"POST\",\n  url: startUrl + \"/api/register\",\n  body: {\n    \"email\": \"eve.holt@reqres.in\",\n    \"password\": \"\"\n  },\n  failOnStatusCode: false\n}).its(\"status\").should(\"equal\", 400);",
              "err": {},
              "uuid": "2dc9828b-81c0-4d7a-bfba-31a4e327fda6",
              "parentUUID": "2be5cc66-0671-40ce-90bb-5a2f9925528b",
              "isHook": false,
              "skipped": false
            },
            {
              "title": "User Login Successful",
              "fullTitle": "Test All Endpoint in Website Reqres.in User Login Successful",
              "timedOut": null,
              "duration": 537,
              "state": "passed",
              "speed": "fast",
              "pass": true,
              "fail": false,
              "pending": false,
              "context": null,
              "code": "cy.request({\n  method: \"POST\",\n  url: startUrl + \"/api/login\",\n  body: {\n    \"email\": \"eve.holt@reqres.in\",\n    \"password\": \"cityslicka\"\n  }\n}).then((res) => {\n  expect(res.status).to.eq(200);\n  expect(res.body.token).not.to.be.empty;\n});",
              "err": {},
              "uuid": "d9349353-a5c3-41bd-b93b-f5899f631c86",
              "parentUUID": "2be5cc66-0671-40ce-90bb-5a2f9925528b",
              "isHook": false,
              "skipped": false
            }
          ],
          "suites": [],
          "passes": [
            "ba743d2e-30b8-4b60-8e8f-7f555d2fcb62",
            "3b8cf679-77cc-4764-b963-7be62ebff327",
            "e57a68a2-e074-4189-9b4c-b726f1c57864",
            "9c2771ab-9469-4921-9918-acdb572d41f4",
            "4fcbf074-58f0-4944-8210-d621df617d52",
            "73da7291-5c3c-4ead-98d2-89b45111e9a0",
            "409779f5-ab47-4a97-982e-5f71954a6205",
            "2dc9828b-81c0-4d7a-bfba-31a4e327fda6",
            "d9349353-a5c3-41bd-b93b-f5899f631c86"
          ],
          "failures": [],
          "pending": [],
          "skipped": [],
          "duration": 5225,
          "root": false,
          "rootEmpty": false,
          "_timeout": 2000
        }
      ],
      "passes": [],
      "failures": [],
      "pending": [],
      "skipped": [],
      "duration": 0,
      "root": true,
      "rootEmpty": true,
      "_timeout": 2000
    }
  ],
  "meta": {
    "mocha": {
      "version": "7.0.1"
    },
    "mochawesome": {
      "options": {
        "quiet": false,
        "reportFilename": "[status]_[name]-report.html",
        "saveHtml": false,
        "saveJson": true,
        "consoleReporter": "spec",
        "useInlineDiffs": false,
        "code": true
      },
      "version": "7.1.3"
    },
    "marge": {
      "options": {
        "charts": false,
        "html": false,
        "json": true,
        "reportFilename": "[status]_[name]-report.html",
        "saveHtml": true,
        "saveJson": true,
        "reportDir": "cypress\\reports\\html\\.jsons",
        "overwrite": false,
        "embeddedScreenshots": true,
        "inlineAssets": true,
        "saveAllAttempts": false
      },
      "version": "6.2.0"
    }
  }
}